ERROR - 2025-02-25 13:17:18 --> Error connecting to the database: mysqli_sql_exception: No such file or directory in /home/rafael/Projetos/teste/system/Database/MySQLi/Connection.php:202
Stack trace:
#0 /home/rafael/Projetos/teste/system/Database/MySQLi/Connection.php(202): mysqli->real_connect()
#1 /home/rafael/Projetos/teste/system/Database/BaseConnection.php(421): CodeIgniter\Database\MySQLi\Connection->connect()
#2 /home/rafael/Projetos/teste/system/Database/BaseConnection.php(620): CodeIgniter\Database\BaseConnection->initialize()
#3 /home/rafael/Projetos/teste/app/Controllers/Home.php(12): CodeIgniter\Database\BaseConnection->query()
#4 /home/rafael/Projetos/teste/system/CodeIgniter.php(933): App\Controllers\Home->index()
#5 /home/rafael/Projetos/teste/system/CodeIgniter.php(507): CodeIgniter\CodeIgniter->runController()
#6 /home/rafael/Projetos/teste/system/CodeIgniter.php(354): CodeIgniter\CodeIgniter->handleRequest()
#7 /home/rafael/Projetos/teste/system/Boot.php(334): CodeIgniter\CodeIgniter->run()
#8 /home/rafael/Projetos/teste/system/Boot.php(67): CodeIgniter\Boot::runCodeIgniter()
#9 /home/rafael/Projetos/teste/public/index.php(56): CodeIgniter\Boot::bootWeb()
#10 {main}

Next CodeIgniter\Database\Exceptions\DatabaseException: No such file or directory in /home/rafael/Projetos/teste/system/Database/MySQLi/Connection.php:246
Stack trace:
#0 /home/rafael/Projetos/teste/system/Database/BaseConnection.php(421): CodeIgniter\Database\MySQLi\Connection->connect()
#1 /home/rafael/Projetos/teste/system/Database/BaseConnection.php(620): CodeIgniter\Database\BaseConnection->initialize()
#2 /home/rafael/Projetos/teste/app/Controllers/Home.php(12): CodeIgniter\Database\BaseConnection->query()
#3 /home/rafael/Projetos/teste/system/CodeIgniter.php(933): App\Controllers\Home->index()
#4 /home/rafael/Projetos/teste/system/CodeIgniter.php(507): CodeIgniter\CodeIgniter->runController()
#5 /home/rafael/Projetos/teste/system/CodeIgniter.php(354): CodeIgniter\CodeIgniter->handleRequest()
#6 /home/rafael/Projetos/teste/system/Boot.php(334): CodeIgniter\CodeIgniter->run()
#7 /home/rafael/Projetos/teste/system/Boot.php(67): CodeIgniter\Boot::runCodeIgniter()
#8 /home/rafael/Projetos/teste/public/index.php(56): CodeIgniter\Boot::bootWeb()
#9 {main}
CRITICAL - 2025-02-25 13:17:18 --> CodeIgniter\Database\Exceptions\DatabaseException: Unable to connect to the database.
Main connection [MySQLi]: No such file or directory
[Method: GET, Route: /]
in SYSTEMPATH/Database/BaseConnection.php on line 467.
 1 SYSTEMPATH/Database/BaseConnection.php(620): CodeIgniter\Database\BaseConnection->initialize()
 2 APPPATH/Controllers/Home.php(12): CodeIgniter\Database\BaseConnection->query()
 3 SYSTEMPATH/CodeIgniter.php(933): App\Controllers\Home->index()
 4 SYSTEMPATH/CodeIgniter.php(507): CodeIgniter\CodeIgniter->runController()
 5 SYSTEMPATH/CodeIgniter.php(354): CodeIgniter\CodeIgniter->handleRequest()
 6 SYSTEMPATH/Boot.php(334): CodeIgniter\CodeIgniter->run()
 7 SYSTEMPATH/Boot.php(67): CodeIgniter\Boot::runCodeIgniter()
 8 FCPATH/index.php(56): CodeIgniter\Boot::bootWeb()
ERROR - 2025-02-25 13:17:32 --> Error connecting to the database: mysqli_sql_exception: No such file or directory in /home/rafael/Projetos/teste/system/Database/MySQLi/Connection.php:202
Stack trace:
#0 /home/rafael/Projetos/teste/system/Database/MySQLi/Connection.php(202): mysqli->real_connect()
#1 /home/rafael/Projetos/teste/system/Database/BaseConnection.php(421): CodeIgniter\Database\MySQLi\Connection->connect()
#2 /home/rafael/Projetos/teste/system/Database/BaseConnection.php(620): CodeIgniter\Database\BaseConnection->initialize()
#3 /home/rafael/Projetos/teste/app/Controllers/Home.php(12): CodeIgniter\Database\BaseConnection->query()
#4 /home/rafael/Projetos/teste/system/CodeIgniter.php(933): App\Controllers\Home->index()
#5 /home/rafael/Projetos/teste/system/CodeIgniter.php(507): CodeIgniter\CodeIgniter->runController()
#6 /home/rafael/Projetos/teste/system/CodeIgniter.php(354): CodeIgniter\CodeIgniter->handleRequest()
#7 /home/rafael/Projetos/teste/system/Boot.php(334): CodeIgniter\CodeIgniter->run()
#8 /home/rafael/Projetos/teste/system/Boot.php(67): CodeIgniter\Boot::runCodeIgniter()
#9 /home/rafael/Projetos/teste/public/index.php(56): CodeIgniter\Boot::bootWeb()
#10 {main}

Next CodeIgniter\Database\Exceptions\DatabaseException: No such file or directory in /home/rafael/Projetos/teste/system/Database/MySQLi/Connection.php:246
Stack trace:
#0 /home/rafael/Projetos/teste/system/Database/BaseConnection.php(421): CodeIgniter\Database\MySQLi\Connection->connect()
#1 /home/rafael/Projetos/teste/system/Database/BaseConnection.php(620): CodeIgniter\Database\BaseConnection->initialize()
#2 /home/rafael/Projetos/teste/app/Controllers/Home.php(12): CodeIgniter\Database\BaseConnection->query()
#3 /home/rafael/Projetos/teste/system/CodeIgniter.php(933): App\Controllers\Home->index()
#4 /home/rafael/Projetos/teste/system/CodeIgniter.php(507): CodeIgniter\CodeIgniter->runController()
#5 /home/rafael/Projetos/teste/system/CodeIgniter.php(354): CodeIgniter\CodeIgniter->handleRequest()
#6 /home/rafael/Projetos/teste/system/Boot.php(334): CodeIgniter\CodeIgniter->run()
#7 /home/rafael/Projetos/teste/system/Boot.php(67): CodeIgniter\Boot::runCodeIgniter()
#8 /home/rafael/Projetos/teste/public/index.php(56): CodeIgniter\Boot::bootWeb()
#9 {main}
CRITICAL - 2025-02-25 13:17:32 --> CodeIgniter\Database\Exceptions\DatabaseException: Unable to connect to the database.
Main connection [MySQLi]: No such file or directory
[Method: GET, Route: /]
in SYSTEMPATH/Database/BaseConnection.php on line 467.
 1 SYSTEMPATH/Database/BaseConnection.php(620): CodeIgniter\Database\BaseConnection->initialize()
 2 APPPATH/Controllers/Home.php(12): CodeIgniter\Database\BaseConnection->query()
 3 SYSTEMPATH/CodeIgniter.php(933): App\Controllers\Home->index()
 4 SYSTEMPATH/CodeIgniter.php(507): CodeIgniter\CodeIgniter->runController()
 5 SYSTEMPATH/CodeIgniter.php(354): CodeIgniter\CodeIgniter->handleRequest()
 6 SYSTEMPATH/Boot.php(334): CodeIgniter\CodeIgniter->run()
 7 SYSTEMPATH/Boot.php(67): CodeIgniter\Boot::runCodeIgniter()
 8 FCPATH/index.php(56): CodeIgniter\Boot::bootWeb()
ERROR - 2025-02-25 13:17:32 --> Error connecting to the database: mysqli_sql_exception: No such file or directory in /home/rafael/Projetos/teste/system/Database/MySQLi/Connection.php:202
Stack trace:
#0 /home/rafael/Projetos/teste/system/Database/MySQLi/Connection.php(202): mysqli->real_connect()
#1 /home/rafael/Projetos/teste/system/Database/BaseConnection.php(421): CodeIgniter\Database\MySQLi\Connection->connect()
#2 /home/rafael/Projetos/teste/system/Database/BaseConnection.php(620): CodeIgniter\Database\BaseConnection->initialize()
#3 /home/rafael/Projetos/teste/app/Controllers/Home.php(12): CodeIgniter\Database\BaseConnection->query()
#4 /home/rafael/Projetos/teste/system/CodeIgniter.php(933): App\Controllers\Home->index()
#5 /home/rafael/Projetos/teste/system/CodeIgniter.php(507): CodeIgniter\CodeIgniter->runController()
#6 /home/rafael/Projetos/teste/system/CodeIgniter.php(354): CodeIgniter\CodeIgniter->handleRequest()
#7 /home/rafael/Projetos/teste/system/Boot.php(334): CodeIgniter\CodeIgniter->run()
#8 /home/rafael/Projetos/teste/system/Boot.php(67): CodeIgniter\Boot::runCodeIgniter()
#9 /home/rafael/Projetos/teste/public/index.php(56): CodeIgniter\Boot::bootWeb()
#10 {main}

Next CodeIgniter\Database\Exceptions\DatabaseException: No such file or directory in /home/rafael/Projetos/teste/system/Database/MySQLi/Connection.php:246
Stack trace:
#0 /home/rafael/Projetos/teste/system/Database/BaseConnection.php(421): CodeIgniter\Database\MySQLi\Connection->connect()
#1 /home/rafael/Projetos/teste/system/Database/BaseConnection.php(620): CodeIgniter\Database\BaseConnection->initialize()
#2 /home/rafael/Projetos/teste/app/Controllers/Home.php(12): CodeIgniter\Database\BaseConnection->query()
#3 /home/rafael/Projetos/teste/system/CodeIgniter.php(933): App\Controllers\Home->index()
#4 /home/rafael/Projetos/teste/system/CodeIgniter.php(507): CodeIgniter\CodeIgniter->runController()
#5 /home/rafael/Projetos/teste/system/CodeIgniter.php(354): CodeIgniter\CodeIgniter->handleRequest()
#6 /home/rafael/Projetos/teste/system/Boot.php(334): CodeIgniter\CodeIgniter->run()
#7 /home/rafael/Projetos/teste/system/Boot.php(67): CodeIgniter\Boot::runCodeIgniter()
#8 /home/rafael/Projetos/teste/public/index.php(56): CodeIgniter\Boot::bootWeb()
#9 {main}
CRITICAL - 2025-02-25 13:17:32 --> CodeIgniter\Database\Exceptions\DatabaseException: Unable to connect to the database.
Main connection [MySQLi]: No such file or directory
[Method: GET, Route: /]
in SYSTEMPATH/Database/BaseConnection.php on line 467.
 1 SYSTEMPATH/Database/BaseConnection.php(620): CodeIgniter\Database\BaseConnection->initialize()
 2 APPPATH/Controllers/Home.php(12): CodeIgniter\Database\BaseConnection->query()
 3 SYSTEMPATH/CodeIgniter.php(933): App\Controllers\Home->index()
 4 SYSTEMPATH/CodeIgniter.php(507): CodeIgniter\CodeIgniter->runController()
 5 SYSTEMPATH/CodeIgniter.php(354): CodeIgniter\CodeIgniter->handleRequest()
 6 SYSTEMPATH/Boot.php(334): CodeIgniter\CodeIgniter->run()
 7 SYSTEMPATH/Boot.php(67): CodeIgniter\Boot::runCodeIgniter()
 8 FCPATH/index.php(56): CodeIgniter\Boot::bootWeb()
ERROR - 2025-02-25 13:17:37 --> Error connecting to the database: mysqli_sql_exception: No such file or directory in /home/rafael/Projetos/teste/system/Database/MySQLi/Connection.php:202
Stack trace:
#0 /home/rafael/Projetos/teste/system/Database/MySQLi/Connection.php(202): mysqli->real_connect()
#1 /home/rafael/Projetos/teste/system/Database/BaseConnection.php(421): CodeIgniter\Database\MySQLi\Connection->connect()
#2 /home/rafael/Projetos/teste/system/Database/BaseConnection.php(620): CodeIgniter\Database\BaseConnection->initialize()
#3 /home/rafael/Projetos/teste/app/Controllers/Home.php(12): CodeIgniter\Database\BaseConnection->query()
#4 /home/rafael/Projetos/teste/system/CodeIgniter.php(933): App\Controllers\Home->index()
#5 /home/rafael/Projetos/teste/system/CodeIgniter.php(507): CodeIgniter\CodeIgniter->runController()
#6 /home/rafael/Projetos/teste/system/CodeIgniter.php(354): CodeIgniter\CodeIgniter->handleRequest()
#7 /home/rafael/Projetos/teste/system/Boot.php(334): CodeIgniter\CodeIgniter->run()
#8 /home/rafael/Projetos/teste/system/Boot.php(67): CodeIgniter\Boot::runCodeIgniter()
#9 /home/rafael/Projetos/teste/public/index.php(56): CodeIgniter\Boot::bootWeb()
#10 {main}

Next CodeIgniter\Database\Exceptions\DatabaseException: No such file or directory in /home/rafael/Projetos/teste/system/Database/MySQLi/Connection.php:246
Stack trace:
#0 /home/rafael/Projetos/teste/system/Database/BaseConnection.php(421): CodeIgniter\Database\MySQLi\Connection->connect()
#1 /home/rafael/Projetos/teste/system/Database/BaseConnection.php(620): CodeIgniter\Database\BaseConnection->initialize()
#2 /home/rafael/Projetos/teste/app/Controllers/Home.php(12): CodeIgniter\Database\BaseConnection->query()
#3 /home/rafael/Projetos/teste/system/CodeIgniter.php(933): App\Controllers\Home->index()
#4 /home/rafael/Projetos/teste/system/CodeIgniter.php(507): CodeIgniter\CodeIgniter->runController()
#5 /home/rafael/Projetos/teste/system/CodeIgniter.php(354): CodeIgniter\CodeIgniter->handleRequest()
#6 /home/rafael/Projetos/teste/system/Boot.php(334): CodeIgniter\CodeIgniter->run()
#7 /home/rafael/Projetos/teste/system/Boot.php(67): CodeIgniter\Boot::runCodeIgniter()
#8 /home/rafael/Projetos/teste/public/index.php(56): CodeIgniter\Boot::bootWeb()
#9 {main}
CRITICAL - 2025-02-25 13:17:37 --> CodeIgniter\Database\Exceptions\DatabaseException: Unable to connect to the database.
Main connection [MySQLi]: No such file or directory
[Method: GET, Route: /]
in SYSTEMPATH/Database/BaseConnection.php on line 467.
 1 SYSTEMPATH/Database/BaseConnection.php(620): CodeIgniter\Database\BaseConnection->initialize()
 2 APPPATH/Controllers/Home.php(12): CodeIgniter\Database\BaseConnection->query()
 3 SYSTEMPATH/CodeIgniter.php(933): App\Controllers\Home->index()
 4 SYSTEMPATH/CodeIgniter.php(507): CodeIgniter\CodeIgniter->runController()
 5 SYSTEMPATH/CodeIgniter.php(354): CodeIgniter\CodeIgniter->handleRequest()
 6 SYSTEMPATH/Boot.php(334): CodeIgniter\CodeIgniter->run()
 7 SYSTEMPATH/Boot.php(67): CodeIgniter\Boot::runCodeIgniter()
 8 FCPATH/index.php(56): CodeIgniter\Boot::bootWeb()
ERROR - 2025-02-25 13:17:37 --> Error connecting to the database: mysqli_sql_exception: No such file or directory in /home/rafael/Projetos/teste/system/Database/MySQLi/Connection.php:202
Stack trace:
#0 /home/rafael/Projetos/teste/system/Database/MySQLi/Connection.php(202): mysqli->real_connect()
#1 /home/rafael/Projetos/teste/system/Database/BaseConnection.php(421): CodeIgniter\Database\MySQLi\Connection->connect()
#2 /home/rafael/Projetos/teste/system/Database/BaseConnection.php(620): CodeIgniter\Database\BaseConnection->initialize()
#3 /home/rafael/Projetos/teste/app/Controllers/Home.php(12): CodeIgniter\Database\BaseConnection->query()
#4 /home/rafael/Projetos/teste/system/CodeIgniter.php(933): App\Controllers\Home->index()
#5 /home/rafael/Projetos/teste/system/CodeIgniter.php(507): CodeIgniter\CodeIgniter->runController()
#6 /home/rafael/Projetos/teste/system/CodeIgniter.php(354): CodeIgniter\CodeIgniter->handleRequest()
#7 /home/rafael/Projetos/teste/system/Boot.php(334): CodeIgniter\CodeIgniter->run()
#8 /home/rafael/Projetos/teste/system/Boot.php(67): CodeIgniter\Boot::runCodeIgniter()
#9 /home/rafael/Projetos/teste/public/index.php(56): CodeIgniter\Boot::bootWeb()
#10 {main}

Next CodeIgniter\Database\Exceptions\DatabaseException: No such file or directory in /home/rafael/Projetos/teste/system/Database/MySQLi/Connection.php:246
Stack trace:
#0 /home/rafael/Projetos/teste/system/Database/BaseConnection.php(421): CodeIgniter\Database\MySQLi\Connection->connect()
#1 /home/rafael/Projetos/teste/system/Database/BaseConnection.php(620): CodeIgniter\Database\BaseConnection->initialize()
#2 /home/rafael/Projetos/teste/app/Controllers/Home.php(12): CodeIgniter\Database\BaseConnection->query()
#3 /home/rafael/Projetos/teste/system/CodeIgniter.php(933): App\Controllers\Home->index()
#4 /home/rafael/Projetos/teste/system/CodeIgniter.php(507): CodeIgniter\CodeIgniter->runController()
#5 /home/rafael/Projetos/teste/system/CodeIgniter.php(354): CodeIgniter\CodeIgniter->handleRequest()
#6 /home/rafael/Projetos/teste/system/Boot.php(334): CodeIgniter\CodeIgniter->run()
#7 /home/rafael/Projetos/teste/system/Boot.php(67): CodeIgniter\Boot::runCodeIgniter()
#8 /home/rafael/Projetos/teste/public/index.php(56): CodeIgniter\Boot::bootWeb()
#9 {main}
CRITICAL - 2025-02-25 13:17:37 --> CodeIgniter\Database\Exceptions\DatabaseException: Unable to connect to the database.
Main connection [MySQLi]: No such file or directory
[Method: GET, Route: /]
in SYSTEMPATH/Database/BaseConnection.php on line 467.
 1 SYSTEMPATH/Database/BaseConnection.php(620): CodeIgniter\Database\BaseConnection->initialize()
 2 APPPATH/Controllers/Home.php(12): CodeIgniter\Database\BaseConnection->query()
 3 SYSTEMPATH/CodeIgniter.php(933): App\Controllers\Home->index()
 4 SYSTEMPATH/CodeIgniter.php(507): CodeIgniter\CodeIgniter->runController()
 5 SYSTEMPATH/CodeIgniter.php(354): CodeIgniter\CodeIgniter->handleRequest()
 6 SYSTEMPATH/Boot.php(334): CodeIgniter\CodeIgniter->run()
 7 SYSTEMPATH/Boot.php(67): CodeIgniter\Boot::runCodeIgniter()
 8 FCPATH/index.php(56): CodeIgniter\Boot::bootWeb()
ERROR - 2025-02-25 13:17:37 --> Error connecting to the database: mysqli_sql_exception: No such file or directory in /home/rafael/Projetos/teste/system/Database/MySQLi/Connection.php:202
Stack trace:
#0 /home/rafael/Projetos/teste/system/Database/MySQLi/Connection.php(202): mysqli->real_connect()
#1 /home/rafael/Projetos/teste/system/Database/BaseConnection.php(421): CodeIgniter\Database\MySQLi\Connection->connect()
#2 /home/rafael/Projetos/teste/system/Database/BaseConnection.php(620): CodeIgniter\Database\BaseConnection->initialize()
#3 /home/rafael/Projetos/teste/app/Controllers/Home.php(12): CodeIgniter\Database\BaseConnection->query()
#4 /home/rafael/Projetos/teste/system/CodeIgniter.php(933): App\Controllers\Home->index()
#5 /home/rafael/Projetos/teste/system/CodeIgniter.php(507): CodeIgniter\CodeIgniter->runController()
#6 /home/rafael/Projetos/teste/system/CodeIgniter.php(354): CodeIgniter\CodeIgniter->handleRequest()
#7 /home/rafael/Projetos/teste/system/Boot.php(334): CodeIgniter\CodeIgniter->run()
#8 /home/rafael/Projetos/teste/system/Boot.php(67): CodeIgniter\Boot::runCodeIgniter()
#9 /home/rafael/Projetos/teste/public/index.php(56): CodeIgniter\Boot::bootWeb()
#10 {main}

Next CodeIgniter\Database\Exceptions\DatabaseException: No such file or directory in /home/rafael/Projetos/teste/system/Database/MySQLi/Connection.php:246
Stack trace:
#0 /home/rafael/Projetos/teste/system/Database/BaseConnection.php(421): CodeIgniter\Database\MySQLi\Connection->connect()
#1 /home/rafael/Projetos/teste/system/Database/BaseConnection.php(620): CodeIgniter\Database\BaseConnection->initialize()
#2 /home/rafael/Projetos/teste/app/Controllers/Home.php(12): CodeIgniter\Database\BaseConnection->query()
#3 /home/rafael/Projetos/teste/system/CodeIgniter.php(933): App\Controllers\Home->index()
#4 /home/rafael/Projetos/teste/system/CodeIgniter.php(507): CodeIgniter\CodeIgniter->runController()
#5 /home/rafael/Projetos/teste/system/CodeIgniter.php(354): CodeIgniter\CodeIgniter->handleRequest()
#6 /home/rafael/Projetos/teste/system/Boot.php(334): CodeIgniter\CodeIgniter->run()
#7 /home/rafael/Projetos/teste/system/Boot.php(67): CodeIgniter\Boot::runCodeIgniter()
#8 /home/rafael/Projetos/teste/public/index.php(56): CodeIgniter\Boot::bootWeb()
#9 {main}
CRITICAL - 2025-02-25 13:17:37 --> CodeIgniter\Database\Exceptions\DatabaseException: Unable to connect to the database.
Main connection [MySQLi]: No such file or directory
[Method: GET, Route: /]
in SYSTEMPATH/Database/BaseConnection.php on line 467.
 1 SYSTEMPATH/Database/BaseConnection.php(620): CodeIgniter\Database\BaseConnection->initialize()
 2 APPPATH/Controllers/Home.php(12): CodeIgniter\Database\BaseConnection->query()
 3 SYSTEMPATH/CodeIgniter.php(933): App\Controllers\Home->index()
 4 SYSTEMPATH/CodeIgniter.php(507): CodeIgniter\CodeIgniter->runController()
 5 SYSTEMPATH/CodeIgniter.php(354): CodeIgniter\CodeIgniter->handleRequest()
 6 SYSTEMPATH/Boot.php(334): CodeIgniter\CodeIgniter->run()
 7 SYSTEMPATH/Boot.php(67): CodeIgniter\Boot::runCodeIgniter()
 8 FCPATH/index.php(56): CodeIgniter\Boot::bootWeb()
ERROR - 2025-02-25 13:17:38 --> Error connecting to the database: mysqli_sql_exception: No such file or directory in /home/rafael/Projetos/teste/system/Database/MySQLi/Connection.php:202
Stack trace:
#0 /home/rafael/Projetos/teste/system/Database/MySQLi/Connection.php(202): mysqli->real_connect()
#1 /home/rafael/Projetos/teste/system/Database/BaseConnection.php(421): CodeIgniter\Database\MySQLi\Connection->connect()
#2 /home/rafael/Projetos/teste/system/Database/BaseConnection.php(620): CodeIgniter\Database\BaseConnection->initialize()
#3 /home/rafael/Projetos/teste/app/Controllers/Home.php(12): CodeIgniter\Database\BaseConnection->query()
#4 /home/rafael/Projetos/teste/system/CodeIgniter.php(933): App\Controllers\Home->index()
#5 /home/rafael/Projetos/teste/system/CodeIgniter.php(507): CodeIgniter\CodeIgniter->runController()
#6 /home/rafael/Projetos/teste/system/CodeIgniter.php(354): CodeIgniter\CodeIgniter->handleRequest()
#7 /home/rafael/Projetos/teste/system/Boot.php(334): CodeIgniter\CodeIgniter->run()
#8 /home/rafael/Projetos/teste/system/Boot.php(67): CodeIgniter\Boot::runCodeIgniter()
#9 /home/rafael/Projetos/teste/public/index.php(56): CodeIgniter\Boot::bootWeb()
#10 {main}

Next CodeIgniter\Database\Exceptions\DatabaseException: No such file or directory in /home/rafael/Projetos/teste/system/Database/MySQLi/Connection.php:246
Stack trace:
#0 /home/rafael/Projetos/teste/system/Database/BaseConnection.php(421): CodeIgniter\Database\MySQLi\Connection->connect()
#1 /home/rafael/Projetos/teste/system/Database/BaseConnection.php(620): CodeIgniter\Database\BaseConnection->initialize()
#2 /home/rafael/Projetos/teste/app/Controllers/Home.php(12): CodeIgniter\Database\BaseConnection->query()
#3 /home/rafael/Projetos/teste/system/CodeIgniter.php(933): App\Controllers\Home->index()
#4 /home/rafael/Projetos/teste/system/CodeIgniter.php(507): CodeIgniter\CodeIgniter->runController()
#5 /home/rafael/Projetos/teste/system/CodeIgniter.php(354): CodeIgniter\CodeIgniter->handleRequest()
#6 /home/rafael/Projetos/teste/system/Boot.php(334): CodeIgniter\CodeIgniter->run()
#7 /home/rafael/Projetos/teste/system/Boot.php(67): CodeIgniter\Boot::runCodeIgniter()
#8 /home/rafael/Projetos/teste/public/index.php(56): CodeIgniter\Boot::bootWeb()
#9 {main}
CRITICAL - 2025-02-25 13:17:38 --> CodeIgniter\Database\Exceptions\DatabaseException: Unable to connect to the database.
Main connection [MySQLi]: No such file or directory
[Method: GET, Route: /]
in SYSTEMPATH/Database/BaseConnection.php on line 467.
 1 SYSTEMPATH/Database/BaseConnection.php(620): CodeIgniter\Database\BaseConnection->initialize()
 2 APPPATH/Controllers/Home.php(12): CodeIgniter\Database\BaseConnection->query()
 3 SYSTEMPATH/CodeIgniter.php(933): App\Controllers\Home->index()
 4 SYSTEMPATH/CodeIgniter.php(507): CodeIgniter\CodeIgniter->runController()
 5 SYSTEMPATH/CodeIgniter.php(354): CodeIgniter\CodeIgniter->handleRequest()
 6 SYSTEMPATH/Boot.php(334): CodeIgniter\CodeIgniter->run()
 7 SYSTEMPATH/Boot.php(67): CodeIgniter\Boot::runCodeIgniter()
 8 FCPATH/index.php(56): CodeIgniter\Boot::bootWeb()
ERROR - 2025-02-25 13:23:52 --> Error connecting to the database: ErrorException: mysqli::real_connect(): php_network_getaddresses: getaddrinfo for db failed: Temporary failure in name resolution in /home/rafael/Projetos/teste/system/Database/MySQLi/Connection.php:202
Stack trace:
#0 [internal function]: CodeIgniter\Debug\Exceptions->errorHandler()
#1 /home/rafael/Projetos/teste/system/Database/MySQLi/Connection.php(202): mysqli->real_connect()
#2 /home/rafael/Projetos/teste/system/Database/BaseConnection.php(421): CodeIgniter\Database\MySQLi\Connection->connect()
#3 /home/rafael/Projetos/teste/system/Database/BaseConnection.php(620): CodeIgniter\Database\BaseConnection->initialize()
#4 /home/rafael/Projetos/teste/system/Database/BaseConnection.php(1525): CodeIgniter\Database\BaseConnection->query()
#5 /home/rafael/Projetos/teste/system/Database/BaseConnection.php(1545): CodeIgniter\Database\BaseConnection->listTables()
#6 /home/rafael/Projetos/teste/system/Database/MigrationRunner.php(758): CodeIgniter\Database\BaseConnection->tableExists()
#7 /home/rafael/Projetos/teste/system/Database/MigrationRunner.php(162): CodeIgniter\Database\MigrationRunner->ensureTable()
#8 /home/rafael/Projetos/teste/system/Commands/Database/Migrate.php(85): CodeIgniter\Database\MigrationRunner->latest()
#9 /home/rafael/Projetos/teste/system/CLI/Commands.php(70): CodeIgniter\Commands\Database\Migrate->run()
#10 /home/rafael/Projetos/teste/system/CLI/Console.php(48): CodeIgniter\CLI\Commands->run()
#11 /home/rafael/Projetos/teste/system/Boot.php(360): CodeIgniter\CLI\Console->run()
#12 /home/rafael/Projetos/teste/system/Boot.php(104): CodeIgniter\Boot::runCommand()
#13 /home/rafael/Projetos/teste/spark(84): CodeIgniter\Boot::bootSpark()
#14 {main}

Next mysqli_sql_exception: php_network_getaddresses: getaddrinfo for db failed: Temporary failure in name resolution in /home/rafael/Projetos/teste/system/Database/MySQLi/Connection.php:202
Stack trace:
#0 /home/rafael/Projetos/teste/system/Database/MySQLi/Connection.php(202): mysqli->real_connect()
#1 /home/rafael/Projetos/teste/system/Database/BaseConnection.php(421): CodeIgniter\Database\MySQLi\Connection->connect()
#2 /home/rafael/Projetos/teste/system/Database/BaseConnection.php(620): CodeIgniter\Database\BaseConnection->initialize()
#3 /home/rafael/Projetos/teste/system/Database/BaseConnection.php(1525): CodeIgniter\Database\BaseConnection->query()
#4 /home/rafael/Projetos/teste/system/Database/BaseConnection.php(1545): CodeIgniter\Database\BaseConnection->listTables()
#5 /home/rafael/Projetos/teste/system/Database/MigrationRunner.php(758): CodeIgniter\Database\BaseConnection->tableExists()
#6 /home/rafael/Projetos/teste/system/Database/MigrationRunner.php(162): CodeIgniter\Database\MigrationRunner->ensureTable()
#7 /home/rafael/Projetos/teste/system/Commands/Database/Migrate.php(85): CodeIgniter\Database\MigrationRunner->latest()
#8 /home/rafael/Projetos/teste/system/CLI/Commands.php(70): CodeIgniter\Commands\Database\Migrate->run()
#9 /home/rafael/Projetos/teste/system/CLI/Console.php(48): CodeIgniter\CLI\Commands->run()
#10 /home/rafael/Projetos/teste/system/Boot.php(360): CodeIgniter\CLI\Console->run()
#11 /home/rafael/Projetos/teste/system/Boot.php(104): CodeIgniter\Boot::runCommand()
#12 /home/rafael/Projetos/teste/spark(84): CodeIgniter\Boot::bootSpark()
#13 {main}

Next CodeIgniter\Database\Exceptions\DatabaseException: php_network_getaddresses: getaddrinfo for db failed: Temporary failure in name resolution in /home/rafael/Projetos/teste/system/Database/MySQLi/Connection.php:246
Stack trace:
#0 /home/rafael/Projetos/teste/system/Database/BaseConnection.php(421): CodeIgniter\Database\MySQLi\Connection->connect()
#1 /home/rafael/Projetos/teste/system/Database/BaseConnection.php(620): CodeIgniter\Database\BaseConnection->initialize()
#2 /home/rafael/Projetos/teste/system/Database/BaseConnection.php(1525): CodeIgniter\Database\BaseConnection->query()
#3 /home/rafael/Projetos/teste/system/Database/BaseConnection.php(1545): CodeIgniter\Database\BaseConnection->listTables()
#4 /home/rafael/Projetos/teste/system/Database/MigrationRunner.php(758): CodeIgniter\Database\BaseConnection->tableExists()
#5 /home/rafael/Projetos/teste/system/Database/MigrationRunner.php(162): CodeIgniter\Database\MigrationRunner->ensureTable()
#6 /home/rafael/Projetos/teste/system/Commands/Database/Migrate.php(85): CodeIgniter\Database\MigrationRunner->latest()
#7 /home/rafael/Projetos/teste/system/CLI/Commands.php(70): CodeIgniter\Commands\Database\Migrate->run()
#8 /home/rafael/Projetos/teste/system/CLI/Console.php(48): CodeIgniter\CLI\Commands->run()
#9 /home/rafael/Projetos/teste/system/Boot.php(360): CodeIgniter\CLI\Console->run()
#10 /home/rafael/Projetos/teste/system/Boot.php(104): CodeIgniter\Boot::runCommand()
#11 /home/rafael/Projetos/teste/spark(84): CodeIgniter\Boot::bootSpark()
#12 {main}
ERROR - 2025-02-25 13:24:27 --> Error connecting to the database: ErrorException: mysqli::real_connect(): php_network_getaddresses: getaddrinfo for db failed: Temporary failure in name resolution in /home/rafael/Projetos/teste/system/Database/MySQLi/Connection.php:202
Stack trace:
#0 [internal function]: CodeIgniter\Debug\Exceptions->errorHandler()
#1 /home/rafael/Projetos/teste/system/Database/MySQLi/Connection.php(202): mysqli->real_connect()
#2 /home/rafael/Projetos/teste/system/Database/BaseConnection.php(421): CodeIgniter\Database\MySQLi\Connection->connect()
#3 /home/rafael/Projetos/teste/system/Database/BaseConnection.php(620): CodeIgniter\Database\BaseConnection->initialize()
#4 /home/rafael/Projetos/teste/system/Database/BaseConnection.php(1525): CodeIgniter\Database\BaseConnection->query()
#5 /home/rafael/Projetos/teste/system/Database/BaseConnection.php(1545): CodeIgniter\Database\BaseConnection->listTables()
#6 /home/rafael/Projetos/teste/system/Database/MigrationRunner.php(758): CodeIgniter\Database\BaseConnection->tableExists()
#7 /home/rafael/Projetos/teste/system/Database/MigrationRunner.php(162): CodeIgniter\Database\MigrationRunner->ensureTable()
#8 /home/rafael/Projetos/teste/system/Commands/Database/Migrate.php(85): CodeIgniter\Database\MigrationRunner->latest()
#9 /home/rafael/Projetos/teste/system/CLI/Commands.php(70): CodeIgniter\Commands\Database\Migrate->run()
#10 /home/rafael/Projetos/teste/system/CLI/Console.php(48): CodeIgniter\CLI\Commands->run()
#11 /home/rafael/Projetos/teste/system/Boot.php(360): CodeIgniter\CLI\Console->run()
#12 /home/rafael/Projetos/teste/system/Boot.php(104): CodeIgniter\Boot::runCommand()
#13 /home/rafael/Projetos/teste/spark(84): CodeIgniter\Boot::bootSpark()
#14 {main}

Next mysqli_sql_exception: php_network_getaddresses: getaddrinfo for db failed: Temporary failure in name resolution in /home/rafael/Projetos/teste/system/Database/MySQLi/Connection.php:202
Stack trace:
#0 /home/rafael/Projetos/teste/system/Database/MySQLi/Connection.php(202): mysqli->real_connect()
#1 /home/rafael/Projetos/teste/system/Database/BaseConnection.php(421): CodeIgniter\Database\MySQLi\Connection->connect()
#2 /home/rafael/Projetos/teste/system/Database/BaseConnection.php(620): CodeIgniter\Database\BaseConnection->initialize()
#3 /home/rafael/Projetos/teste/system/Database/BaseConnection.php(1525): CodeIgniter\Database\BaseConnection->query()
#4 /home/rafael/Projetos/teste/system/Database/BaseConnection.php(1545): CodeIgniter\Database\BaseConnection->listTables()
#5 /home/rafael/Projetos/teste/system/Database/MigrationRunner.php(758): CodeIgniter\Database\BaseConnection->tableExists()
#6 /home/rafael/Projetos/teste/system/Database/MigrationRunner.php(162): CodeIgniter\Database\MigrationRunner->ensureTable()
#7 /home/rafael/Projetos/teste/system/Commands/Database/Migrate.php(85): CodeIgniter\Database\MigrationRunner->latest()
#8 /home/rafael/Projetos/teste/system/CLI/Commands.php(70): CodeIgniter\Commands\Database\Migrate->run()
#9 /home/rafael/Projetos/teste/system/CLI/Console.php(48): CodeIgniter\CLI\Commands->run()
#10 /home/rafael/Projetos/teste/system/Boot.php(360): CodeIgniter\CLI\Console->run()
#11 /home/rafael/Projetos/teste/system/Boot.php(104): CodeIgniter\Boot::runCommand()
#12 /home/rafael/Projetos/teste/spark(84): CodeIgniter\Boot::bootSpark()
#13 {main}

Next CodeIgniter\Database\Exceptions\DatabaseException: php_network_getaddresses: getaddrinfo for db failed: Temporary failure in name resolution in /home/rafael/Projetos/teste/system/Database/MySQLi/Connection.php:246
Stack trace:
#0 /home/rafael/Projetos/teste/system/Database/BaseConnection.php(421): CodeIgniter\Database\MySQLi\Connection->connect()
#1 /home/rafael/Projetos/teste/system/Database/BaseConnection.php(620): CodeIgniter\Database\BaseConnection->initialize()
#2 /home/rafael/Projetos/teste/system/Database/BaseConnection.php(1525): CodeIgniter\Database\BaseConnection->query()
#3 /home/rafael/Projetos/teste/system/Database/BaseConnection.php(1545): CodeIgniter\Database\BaseConnection->listTables()
#4 /home/rafael/Projetos/teste/system/Database/MigrationRunner.php(758): CodeIgniter\Database\BaseConnection->tableExists()
#5 /home/rafael/Projetos/teste/system/Database/MigrationRunner.php(162): CodeIgniter\Database\MigrationRunner->ensureTable()
#6 /home/rafael/Projetos/teste/system/Commands/Database/Migrate.php(85): CodeIgniter\Database\MigrationRunner->latest()
#7 /home/rafael/Projetos/teste/system/CLI/Commands.php(70): CodeIgniter\Commands\Database\Migrate->run()
#8 /home/rafael/Projetos/teste/system/CLI/Console.php(48): CodeIgniter\CLI\Commands->run()
#9 /home/rafael/Projetos/teste/system/Boot.php(360): CodeIgniter\CLI\Console->run()
#10 /home/rafael/Projetos/teste/system/Boot.php(104): CodeIgniter\Boot::runCommand()
#11 /home/rafael/Projetos/teste/spark(84): CodeIgniter\Boot::bootSpark()
#12 {main}
ERROR - 2025-02-25 13:24:33 --> Error connecting to the database: ErrorException: mysqli::real_connect(): php_network_getaddresses: getaddrinfo for db failed: Temporary failure in name resolution in /home/rafael/Projetos/teste/system/Database/MySQLi/Connection.php:202
Stack trace:
#0 [internal function]: CodeIgniter\Debug\Exceptions->errorHandler()
#1 /home/rafael/Projetos/teste/system/Database/MySQLi/Connection.php(202): mysqli->real_connect()
#2 /home/rafael/Projetos/teste/system/Database/BaseConnection.php(421): CodeIgniter\Database\MySQLi\Connection->connect()
#3 /home/rafael/Projetos/teste/system/Database/BaseConnection.php(620): CodeIgniter\Database\BaseConnection->initialize()
#4 /home/rafael/Projetos/teste/system/Database/BaseConnection.php(1525): CodeIgniter\Database\BaseConnection->query()
#5 /home/rafael/Projetos/teste/system/Database/BaseConnection.php(1545): CodeIgniter\Database\BaseConnection->listTables()
#6 /home/rafael/Projetos/teste/system/Database/MigrationRunner.php(758): CodeIgniter\Database\BaseConnection->tableExists()
#7 /home/rafael/Projetos/teste/system/Database/MigrationRunner.php(162): CodeIgniter\Database\MigrationRunner->ensureTable()
#8 /home/rafael/Projetos/teste/system/Commands/Database/Migrate.php(85): CodeIgniter\Database\MigrationRunner->latest()
#9 /home/rafael/Projetos/teste/system/CLI/Commands.php(70): CodeIgniter\Commands\Database\Migrate->run()
#10 /home/rafael/Projetos/teste/system/CLI/Console.php(48): CodeIgniter\CLI\Commands->run()
#11 /home/rafael/Projetos/teste/system/Boot.php(360): CodeIgniter\CLI\Console->run()
#12 /home/rafael/Projetos/teste/system/Boot.php(104): CodeIgniter\Boot::runCommand()
#13 /home/rafael/Projetos/teste/spark(84): CodeIgniter\Boot::bootSpark()
#14 {main}

Next mysqli_sql_exception: php_network_getaddresses: getaddrinfo for db failed: Temporary failure in name resolution in /home/rafael/Projetos/teste/system/Database/MySQLi/Connection.php:202
Stack trace:
#0 /home/rafael/Projetos/teste/system/Database/MySQLi/Connection.php(202): mysqli->real_connect()
#1 /home/rafael/Projetos/teste/system/Database/BaseConnection.php(421): CodeIgniter\Database\MySQLi\Connection->connect()
#2 /home/rafael/Projetos/teste/system/Database/BaseConnection.php(620): CodeIgniter\Database\BaseConnection->initialize()
#3 /home/rafael/Projetos/teste/system/Database/BaseConnection.php(1525): CodeIgniter\Database\BaseConnection->query()
#4 /home/rafael/Projetos/teste/system/Database/BaseConnection.php(1545): CodeIgniter\Database\BaseConnection->listTables()
#5 /home/rafael/Projetos/teste/system/Database/MigrationRunner.php(758): CodeIgniter\Database\BaseConnection->tableExists()
#6 /home/rafael/Projetos/teste/system/Database/MigrationRunner.php(162): CodeIgniter\Database\MigrationRunner->ensureTable()
#7 /home/rafael/Projetos/teste/system/Commands/Database/Migrate.php(85): CodeIgniter\Database\MigrationRunner->latest()
#8 /home/rafael/Projetos/teste/system/CLI/Commands.php(70): CodeIgniter\Commands\Database\Migrate->run()
#9 /home/rafael/Projetos/teste/system/CLI/Console.php(48): CodeIgniter\CLI\Commands->run()
#10 /home/rafael/Projetos/teste/system/Boot.php(360): CodeIgniter\CLI\Console->run()
#11 /home/rafael/Projetos/teste/system/Boot.php(104): CodeIgniter\Boot::runCommand()
#12 /home/rafael/Projetos/teste/spark(84): CodeIgniter\Boot::bootSpark()
#13 {main}

Next CodeIgniter\Database\Exceptions\DatabaseException: php_network_getaddresses: getaddrinfo for db failed: Temporary failure in name resolution in /home/rafael/Projetos/teste/system/Database/MySQLi/Connection.php:246
Stack trace:
#0 /home/rafael/Projetos/teste/system/Database/BaseConnection.php(421): CodeIgniter\Database\MySQLi\Connection->connect()
#1 /home/rafael/Projetos/teste/system/Database/BaseConnection.php(620): CodeIgniter\Database\BaseConnection->initialize()
#2 /home/rafael/Projetos/teste/system/Database/BaseConnection.php(1525): CodeIgniter\Database\BaseConnection->query()
#3 /home/rafael/Projetos/teste/system/Database/BaseConnection.php(1545): CodeIgniter\Database\BaseConnection->listTables()
#4 /home/rafael/Projetos/teste/system/Database/MigrationRunner.php(758): CodeIgniter\Database\BaseConnection->tableExists()
#5 /home/rafael/Projetos/teste/system/Database/MigrationRunner.php(162): CodeIgniter\Database\MigrationRunner->ensureTable()
#6 /home/rafael/Projetos/teste/system/Commands/Database/Migrate.php(85): CodeIgniter\Database\MigrationRunner->latest()
#7 /home/rafael/Projetos/teste/system/CLI/Commands.php(70): CodeIgniter\Commands\Database\Migrate->run()
#8 /home/rafael/Projetos/teste/system/CLI/Console.php(48): CodeIgniter\CLI\Commands->run()
#9 /home/rafael/Projetos/teste/system/Boot.php(360): CodeIgniter\CLI\Console->run()
#10 /home/rafael/Projetos/teste/system/Boot.php(104): CodeIgniter\Boot::runCommand()
#11 /home/rafael/Projetos/teste/spark(84): CodeIgniter\Boot::bootSpark()
#12 {main}
ERROR - 2025-02-25 13:24:41 --> Error connecting to the database: ErrorException: mysqli::real_connect(): php_network_getaddresses: getaddrinfo for db failed: Temporary failure in name resolution in /home/rafael/Projetos/teste/system/Database/MySQLi/Connection.php:202
Stack trace:
#0 [internal function]: CodeIgniter\Debug\Exceptions->errorHandler()
#1 /home/rafael/Projetos/teste/system/Database/MySQLi/Connection.php(202): mysqli->real_connect()
#2 /home/rafael/Projetos/teste/system/Database/BaseConnection.php(421): CodeIgniter\Database\MySQLi\Connection->connect()
#3 /home/rafael/Projetos/teste/system/Database/BaseConnection.php(620): CodeIgniter\Database\BaseConnection->initialize()
#4 /home/rafael/Projetos/teste/system/Database/BaseConnection.php(1525): CodeIgniter\Database\BaseConnection->query()
#5 /home/rafael/Projetos/teste/system/Database/BaseConnection.php(1545): CodeIgniter\Database\BaseConnection->listTables()
#6 /home/rafael/Projetos/teste/system/Database/MigrationRunner.php(758): CodeIgniter\Database\BaseConnection->tableExists()
#7 /home/rafael/Projetos/teste/system/Database/MigrationRunner.php(162): CodeIgniter\Database\MigrationRunner->ensureTable()
#8 /home/rafael/Projetos/teste/system/Commands/Database/Migrate.php(85): CodeIgniter\Database\MigrationRunner->latest()
#9 /home/rafael/Projetos/teste/system/CLI/Commands.php(70): CodeIgniter\Commands\Database\Migrate->run()
#10 /home/rafael/Projetos/teste/system/CLI/Console.php(48): CodeIgniter\CLI\Commands->run()
#11 /home/rafael/Projetos/teste/system/Boot.php(360): CodeIgniter\CLI\Console->run()
#12 /home/rafael/Projetos/teste/system/Boot.php(104): CodeIgniter\Boot::runCommand()
#13 /home/rafael/Projetos/teste/spark(84): CodeIgniter\Boot::bootSpark()
#14 {main}

Next mysqli_sql_exception: php_network_getaddresses: getaddrinfo for db failed: Temporary failure in name resolution in /home/rafael/Projetos/teste/system/Database/MySQLi/Connection.php:202
Stack trace:
#0 /home/rafael/Projetos/teste/system/Database/MySQLi/Connection.php(202): mysqli->real_connect()
#1 /home/rafael/Projetos/teste/system/Database/BaseConnection.php(421): CodeIgniter\Database\MySQLi\Connection->connect()
#2 /home/rafael/Projetos/teste/system/Database/BaseConnection.php(620): CodeIgniter\Database\BaseConnection->initialize()
#3 /home/rafael/Projetos/teste/system/Database/BaseConnection.php(1525): CodeIgniter\Database\BaseConnection->query()
#4 /home/rafael/Projetos/teste/system/Database/BaseConnection.php(1545): CodeIgniter\Database\BaseConnection->listTables()
#5 /home/rafael/Projetos/teste/system/Database/MigrationRunner.php(758): CodeIgniter\Database\BaseConnection->tableExists()
#6 /home/rafael/Projetos/teste/system/Database/MigrationRunner.php(162): CodeIgniter\Database\MigrationRunner->ensureTable()
#7 /home/rafael/Projetos/teste/system/Commands/Database/Migrate.php(85): CodeIgniter\Database\MigrationRunner->latest()
#8 /home/rafael/Projetos/teste/system/CLI/Commands.php(70): CodeIgniter\Commands\Database\Migrate->run()
#9 /home/rafael/Projetos/teste/system/CLI/Console.php(48): CodeIgniter\CLI\Commands->run()
#10 /home/rafael/Projetos/teste/system/Boot.php(360): CodeIgniter\CLI\Console->run()
#11 /home/rafael/Projetos/teste/system/Boot.php(104): CodeIgniter\Boot::runCommand()
#12 /home/rafael/Projetos/teste/spark(84): CodeIgniter\Boot::bootSpark()
#13 {main}

Next CodeIgniter\Database\Exceptions\DatabaseException: php_network_getaddresses: getaddrinfo for db failed: Temporary failure in name resolution in /home/rafael/Projetos/teste/system/Database/MySQLi/Connection.php:246
Stack trace:
#0 /home/rafael/Projetos/teste/system/Database/BaseConnection.php(421): CodeIgniter\Database\MySQLi\Connection->connect()
#1 /home/rafael/Projetos/teste/system/Database/BaseConnection.php(620): CodeIgniter\Database\BaseConnection->initialize()
#2 /home/rafael/Projetos/teste/system/Database/BaseConnection.php(1525): CodeIgniter\Database\BaseConnection->query()
#3 /home/rafael/Projetos/teste/system/Database/BaseConnection.php(1545): CodeIgniter\Database\BaseConnection->listTables()
#4 /home/rafael/Projetos/teste/system/Database/MigrationRunner.php(758): CodeIgniter\Database\BaseConnection->tableExists()
#5 /home/rafael/Projetos/teste/system/Database/MigrationRunner.php(162): CodeIgniter\Database\MigrationRunner->ensureTable()
#6 /home/rafael/Projetos/teste/system/Commands/Database/Migrate.php(85): CodeIgniter\Database\MigrationRunner->latest()
#7 /home/rafael/Projetos/teste/system/CLI/Commands.php(70): CodeIgniter\Commands\Database\Migrate->run()
#8 /home/rafael/Projetos/teste/system/CLI/Console.php(48): CodeIgniter\CLI\Commands->run()
#9 /home/rafael/Projetos/teste/system/Boot.php(360): CodeIgniter\CLI\Console->run()
#10 /home/rafael/Projetos/teste/system/Boot.php(104): CodeIgniter\Boot::runCommand()
#11 /home/rafael/Projetos/teste/spark(84): CodeIgniter\Boot::bootSpark()
#12 {main}
ERROR - 2025-02-25 13:25:35 --> Error connecting to the database: mysqli_sql_exception: No such file or directory in /home/rafael/Projetos/teste/system/Database/MySQLi/Connection.php:202
Stack trace:
#0 /home/rafael/Projetos/teste/system/Database/MySQLi/Connection.php(202): mysqli->real_connect()
#1 /home/rafael/Projetos/teste/system/Database/BaseConnection.php(421): CodeIgniter\Database\MySQLi\Connection->connect()
#2 /home/rafael/Projetos/teste/system/Database/BaseConnection.php(620): CodeIgniter\Database\BaseConnection->initialize()
#3 /home/rafael/Projetos/teste/system/Database/BaseConnection.php(1525): CodeIgniter\Database\BaseConnection->query()
#4 /home/rafael/Projetos/teste/system/Database/BaseConnection.php(1545): CodeIgniter\Database\BaseConnection->listTables()
#5 /home/rafael/Projetos/teste/system/Database/MigrationRunner.php(758): CodeIgniter\Database\BaseConnection->tableExists()
#6 /home/rafael/Projetos/teste/system/Database/MigrationRunner.php(162): CodeIgniter\Database\MigrationRunner->ensureTable()
#7 /home/rafael/Projetos/teste/system/Commands/Database/Migrate.php(85): CodeIgniter\Database\MigrationRunner->latest()
#8 /home/rafael/Projetos/teste/system/CLI/Commands.php(70): CodeIgniter\Commands\Database\Migrate->run()
#9 /home/rafael/Projetos/teste/system/CLI/Console.php(48): CodeIgniter\CLI\Commands->run()
#10 /home/rafael/Projetos/teste/system/Boot.php(360): CodeIgniter\CLI\Console->run()
#11 /home/rafael/Projetos/teste/system/Boot.php(104): CodeIgniter\Boot::runCommand()
#12 /home/rafael/Projetos/teste/spark(84): CodeIgniter\Boot::bootSpark()
#13 {main}

Next CodeIgniter\Database\Exceptions\DatabaseException: No such file or directory in /home/rafael/Projetos/teste/system/Database/MySQLi/Connection.php:246
Stack trace:
#0 /home/rafael/Projetos/teste/system/Database/BaseConnection.php(421): CodeIgniter\Database\MySQLi\Connection->connect()
#1 /home/rafael/Projetos/teste/system/Database/BaseConnection.php(620): CodeIgniter\Database\BaseConnection->initialize()
#2 /home/rafael/Projetos/teste/system/Database/BaseConnection.php(1525): CodeIgniter\Database\BaseConnection->query()
#3 /home/rafael/Projetos/teste/system/Database/BaseConnection.php(1545): CodeIgniter\Database\BaseConnection->listTables()
#4 /home/rafael/Projetos/teste/system/Database/MigrationRunner.php(758): CodeIgniter\Database\BaseConnection->tableExists()
#5 /home/rafael/Projetos/teste/system/Database/MigrationRunner.php(162): CodeIgniter\Database\MigrationRunner->ensureTable()
#6 /home/rafael/Projetos/teste/system/Commands/Database/Migrate.php(85): CodeIgniter\Database\MigrationRunner->latest()
#7 /home/rafael/Projetos/teste/system/CLI/Commands.php(70): CodeIgniter\Commands\Database\Migrate->run()
#8 /home/rafael/Projetos/teste/system/CLI/Console.php(48): CodeIgniter\CLI\Commands->run()
#9 /home/rafael/Projetos/teste/system/Boot.php(360): CodeIgniter\CLI\Console->run()
#10 /home/rafael/Projetos/teste/system/Boot.php(104): CodeIgniter\Boot::runCommand()
#11 /home/rafael/Projetos/teste/spark(84): CodeIgniter\Boot::bootSpark()
#12 {main}
ERROR - 2025-02-25 13:25:44 --> Error connecting to the database: ErrorException: mysqli::real_connect(): php_network_getaddresses: getaddrinfo for db failed: Temporary failure in name resolution in /home/rafael/Projetos/teste/system/Database/MySQLi/Connection.php:202
Stack trace:
#0 [internal function]: CodeIgniter\Debug\Exceptions->errorHandler()
#1 /home/rafael/Projetos/teste/system/Database/MySQLi/Connection.php(202): mysqli->real_connect()
#2 /home/rafael/Projetos/teste/system/Database/BaseConnection.php(421): CodeIgniter\Database\MySQLi\Connection->connect()
#3 /home/rafael/Projetos/teste/system/Database/BaseConnection.php(620): CodeIgniter\Database\BaseConnection->initialize()
#4 /home/rafael/Projetos/teste/system/Database/BaseConnection.php(1525): CodeIgniter\Database\BaseConnection->query()
#5 /home/rafael/Projetos/teste/system/Database/BaseConnection.php(1545): CodeIgniter\Database\BaseConnection->listTables()
#6 /home/rafael/Projetos/teste/system/Database/MigrationRunner.php(758): CodeIgniter\Database\BaseConnection->tableExists()
#7 /home/rafael/Projetos/teste/system/Database/MigrationRunner.php(162): CodeIgniter\Database\MigrationRunner->ensureTable()
#8 /home/rafael/Projetos/teste/system/Commands/Database/Migrate.php(85): CodeIgniter\Database\MigrationRunner->latest()
#9 /home/rafael/Projetos/teste/system/CLI/Commands.php(70): CodeIgniter\Commands\Database\Migrate->run()
#10 /home/rafael/Projetos/teste/system/CLI/Console.php(48): CodeIgniter\CLI\Commands->run()
#11 /home/rafael/Projetos/teste/system/Boot.php(360): CodeIgniter\CLI\Console->run()
#12 /home/rafael/Projetos/teste/system/Boot.php(104): CodeIgniter\Boot::runCommand()
#13 /home/rafael/Projetos/teste/spark(84): CodeIgniter\Boot::bootSpark()
#14 {main}

Next mysqli_sql_exception: php_network_getaddresses: getaddrinfo for db failed: Temporary failure in name resolution in /home/rafael/Projetos/teste/system/Database/MySQLi/Connection.php:202
Stack trace:
#0 /home/rafael/Projetos/teste/system/Database/MySQLi/Connection.php(202): mysqli->real_connect()
#1 /home/rafael/Projetos/teste/system/Database/BaseConnection.php(421): CodeIgniter\Database\MySQLi\Connection->connect()
#2 /home/rafael/Projetos/teste/system/Database/BaseConnection.php(620): CodeIgniter\Database\BaseConnection->initialize()
#3 /home/rafael/Projetos/teste/system/Database/BaseConnection.php(1525): CodeIgniter\Database\BaseConnection->query()
#4 /home/rafael/Projetos/teste/system/Database/BaseConnection.php(1545): CodeIgniter\Database\BaseConnection->listTables()
#5 /home/rafael/Projetos/teste/system/Database/MigrationRunner.php(758): CodeIgniter\Database\BaseConnection->tableExists()
#6 /home/rafael/Projetos/teste/system/Database/MigrationRunner.php(162): CodeIgniter\Database\MigrationRunner->ensureTable()
#7 /home/rafael/Projetos/teste/system/Commands/Database/Migrate.php(85): CodeIgniter\Database\MigrationRunner->latest()
#8 /home/rafael/Projetos/teste/system/CLI/Commands.php(70): CodeIgniter\Commands\Database\Migrate->run()
#9 /home/rafael/Projetos/teste/system/CLI/Console.php(48): CodeIgniter\CLI\Commands->run()
#10 /home/rafael/Projetos/teste/system/Boot.php(360): CodeIgniter\CLI\Console->run()
#11 /home/rafael/Projetos/teste/system/Boot.php(104): CodeIgniter\Boot::runCommand()
#12 /home/rafael/Projetos/teste/spark(84): CodeIgniter\Boot::bootSpark()
#13 {main}

Next CodeIgniter\Database\Exceptions\DatabaseException: php_network_getaddresses: getaddrinfo for db failed: Temporary failure in name resolution in /home/rafael/Projetos/teste/system/Database/MySQLi/Connection.php:246
Stack trace:
#0 /home/rafael/Projetos/teste/system/Database/BaseConnection.php(421): CodeIgniter\Database\MySQLi\Connection->connect()
#1 /home/rafael/Projetos/teste/system/Database/BaseConnection.php(620): CodeIgniter\Database\BaseConnection->initialize()
#2 /home/rafael/Projetos/teste/system/Database/BaseConnection.php(1525): CodeIgniter\Database\BaseConnection->query()
#3 /home/rafael/Projetos/teste/system/Database/BaseConnection.php(1545): CodeIgniter\Database\BaseConnection->listTables()
#4 /home/rafael/Projetos/teste/system/Database/MigrationRunner.php(758): CodeIgniter\Database\BaseConnection->tableExists()
#5 /home/rafael/Projetos/teste/system/Database/MigrationRunner.php(162): CodeIgniter\Database\MigrationRunner->ensureTable()
#6 /home/rafael/Projetos/teste/system/Commands/Database/Migrate.php(85): CodeIgniter\Database\MigrationRunner->latest()
#7 /home/rafael/Projetos/teste/system/CLI/Commands.php(70): CodeIgniter\Commands\Database\Migrate->run()
#8 /home/rafael/Projetos/teste/system/CLI/Console.php(48): CodeIgniter\CLI\Commands->run()
#9 /home/rafael/Projetos/teste/system/Boot.php(360): CodeIgniter\CLI\Console->run()
#10 /home/rafael/Projetos/teste/system/Boot.php(104): CodeIgniter\Boot::runCommand()
#11 /home/rafael/Projetos/teste/spark(84): CodeIgniter\Boot::bootSpark()
#12 {main}
ERROR - 2025-02-25 13:26:48 --> Error connecting to the database: ErrorException: mysqli::real_connect(): php_network_getaddresses: getaddrinfo for db failed: Temporary failure in name resolution in /home/rafael/Projetos/teste/system/Database/MySQLi/Connection.php:202
Stack trace:
#0 [internal function]: CodeIgniter\Debug\Exceptions->errorHandler()
#1 /home/rafael/Projetos/teste/system/Database/MySQLi/Connection.php(202): mysqli->real_connect()
#2 /home/rafael/Projetos/teste/system/Database/BaseConnection.php(421): CodeIgniter\Database\MySQLi\Connection->connect()
#3 /home/rafael/Projetos/teste/system/Database/BaseConnection.php(620): CodeIgniter\Database\BaseConnection->initialize()
#4 /home/rafael/Projetos/teste/system/Database/BaseConnection.php(1525): CodeIgniter\Database\BaseConnection->query()
#5 /home/rafael/Projetos/teste/system/Database/BaseConnection.php(1545): CodeIgniter\Database\BaseConnection->listTables()
#6 /home/rafael/Projetos/teste/system/Database/MigrationRunner.php(758): CodeIgniter\Database\BaseConnection->tableExists()
#7 /home/rafael/Projetos/teste/system/Database/MigrationRunner.php(162): CodeIgniter\Database\MigrationRunner->ensureTable()
#8 /home/rafael/Projetos/teste/system/Commands/Database/Migrate.php(85): CodeIgniter\Database\MigrationRunner->latest()
#9 /home/rafael/Projetos/teste/system/CLI/Commands.php(70): CodeIgniter\Commands\Database\Migrate->run()
#10 /home/rafael/Projetos/teste/system/CLI/Console.php(48): CodeIgniter\CLI\Commands->run()
#11 /home/rafael/Projetos/teste/system/Boot.php(360): CodeIgniter\CLI\Console->run()
#12 /home/rafael/Projetos/teste/system/Boot.php(104): CodeIgniter\Boot::runCommand()
#13 /home/rafael/Projetos/teste/spark(84): CodeIgniter\Boot::bootSpark()
#14 {main}

Next mysqli_sql_exception: php_network_getaddresses: getaddrinfo for db failed: Temporary failure in name resolution in /home/rafael/Projetos/teste/system/Database/MySQLi/Connection.php:202
Stack trace:
#0 /home/rafael/Projetos/teste/system/Database/MySQLi/Connection.php(202): mysqli->real_connect()
#1 /home/rafael/Projetos/teste/system/Database/BaseConnection.php(421): CodeIgniter\Database\MySQLi\Connection->connect()
#2 /home/rafael/Projetos/teste/system/Database/BaseConnection.php(620): CodeIgniter\Database\BaseConnection->initialize()
#3 /home/rafael/Projetos/teste/system/Database/BaseConnection.php(1525): CodeIgniter\Database\BaseConnection->query()
#4 /home/rafael/Projetos/teste/system/Database/BaseConnection.php(1545): CodeIgniter\Database\BaseConnection->listTables()
#5 /home/rafael/Projetos/teste/system/Database/MigrationRunner.php(758): CodeIgniter\Database\BaseConnection->tableExists()
#6 /home/rafael/Projetos/teste/system/Database/MigrationRunner.php(162): CodeIgniter\Database\MigrationRunner->ensureTable()
#7 /home/rafael/Projetos/teste/system/Commands/Database/Migrate.php(85): CodeIgniter\Database\MigrationRunner->latest()
#8 /home/rafael/Projetos/teste/system/CLI/Commands.php(70): CodeIgniter\Commands\Database\Migrate->run()
#9 /home/rafael/Projetos/teste/system/CLI/Console.php(48): CodeIgniter\CLI\Commands->run()
#10 /home/rafael/Projetos/teste/system/Boot.php(360): CodeIgniter\CLI\Console->run()
#11 /home/rafael/Projetos/teste/system/Boot.php(104): CodeIgniter\Boot::runCommand()
#12 /home/rafael/Projetos/teste/spark(84): CodeIgniter\Boot::bootSpark()
#13 {main}

Next CodeIgniter\Database\Exceptions\DatabaseException: php_network_getaddresses: getaddrinfo for db failed: Temporary failure in name resolution in /home/rafael/Projetos/teste/system/Database/MySQLi/Connection.php:246
Stack trace:
#0 /home/rafael/Projetos/teste/system/Database/BaseConnection.php(421): CodeIgniter\Database\MySQLi\Connection->connect()
#1 /home/rafael/Projetos/teste/system/Database/BaseConnection.php(620): CodeIgniter\Database\BaseConnection->initialize()
#2 /home/rafael/Projetos/teste/system/Database/BaseConnection.php(1525): CodeIgniter\Database\BaseConnection->query()
#3 /home/rafael/Projetos/teste/system/Database/BaseConnection.php(1545): CodeIgniter\Database\BaseConnection->listTables()
#4 /home/rafael/Projetos/teste/system/Database/MigrationRunner.php(758): CodeIgniter\Database\BaseConnection->tableExists()
#5 /home/rafael/Projetos/teste/system/Database/MigrationRunner.php(162): CodeIgniter\Database\MigrationRunner->ensureTable()
#6 /home/rafael/Projetos/teste/system/Commands/Database/Migrate.php(85): CodeIgniter\Database\MigrationRunner->latest()
#7 /home/rafael/Projetos/teste/system/CLI/Commands.php(70): CodeIgniter\Commands\Database\Migrate->run()
#8 /home/rafael/Projetos/teste/system/CLI/Console.php(48): CodeIgniter\CLI\Commands->run()
#9 /home/rafael/Projetos/teste/system/Boot.php(360): CodeIgniter\CLI\Console->run()
#10 /home/rafael/Projetos/teste/system/Boot.php(104): CodeIgniter\Boot::runCommand()
#11 /home/rafael/Projetos/teste/spark(84): CodeIgniter\Boot::bootSpark()
#12 {main}
ERROR - 2025-02-25 13:27:02 --> Error connecting to the database: ErrorException: mysqli::real_connect(): php_network_getaddresses: getaddrinfo for db failed: Temporary failure in name resolution in /home/rafael/Projetos/teste/system/Database/MySQLi/Connection.php:202
Stack trace:
#0 [internal function]: CodeIgniter\Debug\Exceptions->errorHandler()
#1 /home/rafael/Projetos/teste/system/Database/MySQLi/Connection.php(202): mysqli->real_connect()
#2 /home/rafael/Projetos/teste/system/Database/BaseConnection.php(421): CodeIgniter\Database\MySQLi\Connection->connect()
#3 /home/rafael/Projetos/teste/system/Database/BaseConnection.php(620): CodeIgniter\Database\BaseConnection->initialize()
#4 /home/rafael/Projetos/teste/system/Database/BaseConnection.php(1525): CodeIgniter\Database\BaseConnection->query()
#5 /home/rafael/Projetos/teste/system/Database/BaseConnection.php(1545): CodeIgniter\Database\BaseConnection->listTables()
#6 /home/rafael/Projetos/teste/system/Database/MigrationRunner.php(758): CodeIgniter\Database\BaseConnection->tableExists()
#7 /home/rafael/Projetos/teste/system/Database/MigrationRunner.php(162): CodeIgniter\Database\MigrationRunner->ensureTable()
#8 /home/rafael/Projetos/teste/system/Commands/Database/Migrate.php(85): CodeIgniter\Database\MigrationRunner->latest()
#9 /home/rafael/Projetos/teste/system/CLI/Commands.php(70): CodeIgniter\Commands\Database\Migrate->run()
#10 /home/rafael/Projetos/teste/system/CLI/Console.php(48): CodeIgniter\CLI\Commands->run()
#11 /home/rafael/Projetos/teste/system/Boot.php(360): CodeIgniter\CLI\Console->run()
#12 /home/rafael/Projetos/teste/system/Boot.php(104): CodeIgniter\Boot::runCommand()
#13 /home/rafael/Projetos/teste/spark(84): CodeIgniter\Boot::bootSpark()
#14 {main}

Next mysqli_sql_exception: php_network_getaddresses: getaddrinfo for db failed: Temporary failure in name resolution in /home/rafael/Projetos/teste/system/Database/MySQLi/Connection.php:202
Stack trace:
#0 /home/rafael/Projetos/teste/system/Database/MySQLi/Connection.php(202): mysqli->real_connect()
#1 /home/rafael/Projetos/teste/system/Database/BaseConnection.php(421): CodeIgniter\Database\MySQLi\Connection->connect()
#2 /home/rafael/Projetos/teste/system/Database/BaseConnection.php(620): CodeIgniter\Database\BaseConnection->initialize()
#3 /home/rafael/Projetos/teste/system/Database/BaseConnection.php(1525): CodeIgniter\Database\BaseConnection->query()
#4 /home/rafael/Projetos/teste/system/Database/BaseConnection.php(1545): CodeIgniter\Database\BaseConnection->listTables()
#5 /home/rafael/Projetos/teste/system/Database/MigrationRunner.php(758): CodeIgniter\Database\BaseConnection->tableExists()
#6 /home/rafael/Projetos/teste/system/Database/MigrationRunner.php(162): CodeIgniter\Database\MigrationRunner->ensureTable()
#7 /home/rafael/Projetos/teste/system/Commands/Database/Migrate.php(85): CodeIgniter\Database\MigrationRunner->latest()
#8 /home/rafael/Projetos/teste/system/CLI/Commands.php(70): CodeIgniter\Commands\Database\Migrate->run()
#9 /home/rafael/Projetos/teste/system/CLI/Console.php(48): CodeIgniter\CLI\Commands->run()
#10 /home/rafael/Projetos/teste/system/Boot.php(360): CodeIgniter\CLI\Console->run()
#11 /home/rafael/Projetos/teste/system/Boot.php(104): CodeIgniter\Boot::runCommand()
#12 /home/rafael/Projetos/teste/spark(84): CodeIgniter\Boot::bootSpark()
#13 {main}

Next CodeIgniter\Database\Exceptions\DatabaseException: php_network_getaddresses: getaddrinfo for db failed: Temporary failure in name resolution in /home/rafael/Projetos/teste/system/Database/MySQLi/Connection.php:246
Stack trace:
#0 /home/rafael/Projetos/teste/system/Database/BaseConnection.php(421): CodeIgniter\Database\MySQLi\Connection->connect()
#1 /home/rafael/Projetos/teste/system/Database/BaseConnection.php(620): CodeIgniter\Database\BaseConnection->initialize()
#2 /home/rafael/Projetos/teste/system/Database/BaseConnection.php(1525): CodeIgniter\Database\BaseConnection->query()
#3 /home/rafael/Projetos/teste/system/Database/BaseConnection.php(1545): CodeIgniter\Database\BaseConnection->listTables()
#4 /home/rafael/Projetos/teste/system/Database/MigrationRunner.php(758): CodeIgniter\Database\BaseConnection->tableExists()
#5 /home/rafael/Projetos/teste/system/Database/MigrationRunner.php(162): CodeIgniter\Database\MigrationRunner->ensureTable()
#6 /home/rafael/Projetos/teste/system/Commands/Database/Migrate.php(85): CodeIgniter\Database\MigrationRunner->latest()
#7 /home/rafael/Projetos/teste/system/CLI/Commands.php(70): CodeIgniter\Commands\Database\Migrate->run()
#8 /home/rafael/Projetos/teste/system/CLI/Console.php(48): CodeIgniter\CLI\Commands->run()
#9 /home/rafael/Projetos/teste/system/Boot.php(360): CodeIgniter\CLI\Console->run()
#10 /home/rafael/Projetos/teste/system/Boot.php(104): CodeIgniter\Boot::runCommand()
#11 /home/rafael/Projetos/teste/spark(84): CodeIgniter\Boot::bootSpark()
#12 {main}
ERROR - 2025-02-25 13:29:03 --> Error connecting to the database: mysqli_sql_exception: No such file or directory in /home/rafael/Projetos/teste/system/Database/MySQLi/Connection.php:202
Stack trace:
#0 /home/rafael/Projetos/teste/system/Database/MySQLi/Connection.php(202): mysqli->real_connect()
#1 /home/rafael/Projetos/teste/system/Database/BaseConnection.php(421): CodeIgniter\Database\MySQLi\Connection->connect()
#2 /home/rafael/Projetos/teste/system/Database/BaseConnection.php(620): CodeIgniter\Database\BaseConnection->initialize()
#3 /home/rafael/Projetos/teste/system/Database/BaseConnection.php(1525): CodeIgniter\Database\BaseConnection->query()
#4 /home/rafael/Projetos/teste/system/Database/BaseConnection.php(1545): CodeIgniter\Database\BaseConnection->listTables()
#5 /home/rafael/Projetos/teste/system/Database/MigrationRunner.php(758): CodeIgniter\Database\BaseConnection->tableExists()
#6 /home/rafael/Projetos/teste/system/Database/MigrationRunner.php(162): CodeIgniter\Database\MigrationRunner->ensureTable()
#7 /home/rafael/Projetos/teste/system/Commands/Database/Migrate.php(85): CodeIgniter\Database\MigrationRunner->latest()
#8 /home/rafael/Projetos/teste/system/CLI/Commands.php(70): CodeIgniter\Commands\Database\Migrate->run()
#9 /home/rafael/Projetos/teste/system/CLI/Console.php(48): CodeIgniter\CLI\Commands->run()
#10 /home/rafael/Projetos/teste/system/Boot.php(360): CodeIgniter\CLI\Console->run()
#11 /home/rafael/Projetos/teste/system/Boot.php(104): CodeIgniter\Boot::runCommand()
#12 /home/rafael/Projetos/teste/spark(84): CodeIgniter\Boot::bootSpark()
#13 {main}

Next CodeIgniter\Database\Exceptions\DatabaseException: No such file or directory in /home/rafael/Projetos/teste/system/Database/MySQLi/Connection.php:246
Stack trace:
#0 /home/rafael/Projetos/teste/system/Database/BaseConnection.php(421): CodeIgniter\Database\MySQLi\Connection->connect()
#1 /home/rafael/Projetos/teste/system/Database/BaseConnection.php(620): CodeIgniter\Database\BaseConnection->initialize()
#2 /home/rafael/Projetos/teste/system/Database/BaseConnection.php(1525): CodeIgniter\Database\BaseConnection->query()
#3 /home/rafael/Projetos/teste/system/Database/BaseConnection.php(1545): CodeIgniter\Database\BaseConnection->listTables()
#4 /home/rafael/Projetos/teste/system/Database/MigrationRunner.php(758): CodeIgniter\Database\BaseConnection->tableExists()
#5 /home/rafael/Projetos/teste/system/Database/MigrationRunner.php(162): CodeIgniter\Database\MigrationRunner->ensureTable()
#6 /home/rafael/Projetos/teste/system/Commands/Database/Migrate.php(85): CodeIgniter\Database\MigrationRunner->latest()
#7 /home/rafael/Projetos/teste/system/CLI/Commands.php(70): CodeIgniter\Commands\Database\Migrate->run()
#8 /home/rafael/Projetos/teste/system/CLI/Console.php(48): CodeIgniter\CLI\Commands->run()
#9 /home/rafael/Projetos/teste/system/Boot.php(360): CodeIgniter\CLI\Console->run()
#10 /home/rafael/Projetos/teste/system/Boot.php(104): CodeIgniter\Boot::runCommand()
#11 /home/rafael/Projetos/teste/spark(84): CodeIgniter\Boot::bootSpark()
#12 {main}
CRITICAL - 2025-02-25 13:30:15 --> ErrorException: Cannot declare class App\Database\Migrations\CreateTestTable, because the name is already in use
[Method: CLI, Route: migrate]
in APPPATH/Database/Migrations/2025-02-25-132321_CreateTestTable.php on line 7.
 1 [internal function]: CodeIgniter\Debug\Exceptions->shutdownHandler()
CRITICAL - 2025-02-25 13:35:35 --> ErrorException: Cannot declare class App\Database\Migrations\CreateTestTable, because the name is already in use
[Method: CLI, Route: migrate:refresh]
in APPPATH/Database/Migrations/2025-02-25-132306_CreateTestTable.php on line 7.
 1 [internal function]: CodeIgniter\Debug\Exceptions->shutdownHandler()
