CRITICAL - 2025-02-24 20:30:01 --> Error: Undefined constant "CodeIgniter\Database\MySQLi\MYSQLI_STORE_RESULT"
[Method: GET, Route: /]
in SYSTEMPATH/Database/Database.php on line 143.
 1 SYSTEMPATH/Database/Database.php(61): CodeIgniter\Database\Database->initDriver()
 2 SYSTEMPATH/Database/Config.php(84): CodeIgniter\Database\Database->load()
 3 SYSTEMPATH/Common.php(363): CodeIgniter\Database\Config::connect()
 4 APPPATH/Controllers/Home.php(9): db_connect()
 5 SYSTEMPATH/CodeIgniter.php(933): App\Controllers\Home->index()
 6 SYSTEMPATH/CodeIgniter.php(507): CodeIgniter\CodeIgniter->runController()
 7 SYSTEMPATH/CodeIgniter.php(354): CodeIgniter\CodeIgniter->handleRequest()
 8 SYSTEMPATH/Boot.php(334): CodeIgniter\CodeIgniter->run()
 9 SYSTEMPATH/Boot.php(67): CodeIgniter\Boot::runCodeIgniter()
10 FCPATH/index.php(56): CodeIgniter\Boot::bootWeb()
CRITICAL - 2025-02-24 20:30:22 --> Error: Undefined constant "CodeIgniter\Database\MySQLi\MYSQLI_STORE_RESULT"
[Method: GET, Route: /]
in SYSTEMPATH/Database/Database.php on line 143.
 1 SYSTEMPATH/Database/Database.php(61): CodeIgniter\Database\Database->initDriver()
 2 SYSTEMPATH/Database/Config.php(84): CodeIgniter\Database\Database->load()
 3 SYSTEMPATH/Common.php(363): CodeIgniter\Database\Config::connect()
 4 APPPATH/Controllers/Home.php(9): db_connect()
 5 SYSTEMPATH/CodeIgniter.php(933): App\Controllers\Home->index()
 6 SYSTEMPATH/CodeIgniter.php(507): CodeIgniter\CodeIgniter->runController()
 7 SYSTEMPATH/CodeIgniter.php(354): CodeIgniter\CodeIgniter->handleRequest()
 8 SYSTEMPATH/Boot.php(334): CodeIgniter\CodeIgniter->run()
 9 SYSTEMPATH/Boot.php(67): CodeIgniter\Boot::runCodeIgniter()
10 FCPATH/index.php(56): CodeIgniter\Boot::bootWeb()
CRITICAL - 2025-02-24 20:30:56 --> Error: Undefined constant "CodeIgniter\Database\MySQLi\MYSQLI_STORE_RESULT"
[Method: GET, Route: /]
in SYSTEMPATH/Database/Database.php on line 143.
 1 SYSTEMPATH/Database/Database.php(61): CodeIgniter\Database\Database->initDriver()
 2 SYSTEMPATH/Database/Config.php(84): CodeIgniter\Database\Database->load()
 3 SYSTEMPATH/Common.php(363): CodeIgniter\Database\Config::connect()
 4 APPPATH/Controllers/Home.php(9): db_connect()
 5 SYSTEMPATH/CodeIgniter.php(933): App\Controllers\Home->index()
 6 SYSTEMPATH/CodeIgniter.php(507): CodeIgniter\CodeIgniter->runController()
 7 SYSTEMPATH/CodeIgniter.php(354): CodeIgniter\CodeIgniter->handleRequest()
 8 SYSTEMPATH/Boot.php(334): CodeIgniter\CodeIgniter->run()
 9 SYSTEMPATH/Boot.php(67): CodeIgniter\Boot::runCodeIgniter()
10 FCPATH/index.php(56): CodeIgniter\Boot::bootWeb()
CRITICAL - 2025-02-24 20:32:04 --> Error: Undefined constant "CodeIgniter\Database\MySQLi\MYSQLI_STORE_RESULT"
[Method: GET, Route: /]
in SYSTEMPATH/Database/Database.php on line 143.
 1 SYSTEMPATH/Database/Database.php(61): CodeIgniter\Database\Database->initDriver()
 2 SYSTEMPATH/Database/Config.php(84): CodeIgniter\Database\Database->load()
 3 SYSTEMPATH/Common.php(363): CodeIgniter\Database\Config::connect()
 4 APPPATH/Controllers/Home.php(9): db_connect()
 5 SYSTEMPATH/CodeIgniter.php(933): App\Controllers\Home->index()
 6 SYSTEMPATH/CodeIgniter.php(507): CodeIgniter\CodeIgniter->runController()
 7 SYSTEMPATH/CodeIgniter.php(354): CodeIgniter\CodeIgniter->handleRequest()
 8 SYSTEMPATH/Boot.php(334): CodeIgniter\CodeIgniter->run()
 9 SYSTEMPATH/Boot.php(67): CodeIgniter\Boot::runCodeIgniter()
10 FCPATH/index.php(56): CodeIgniter\Boot::bootWeb()
CRITICAL - 2025-02-24 20:32:38 --> Error: Undefined constant "CodeIgniter\Database\MySQLi\MYSQLI_STORE_RESULT"
[Method: GET, Route: /]
in SYSTEMPATH/Database/Database.php on line 143.
 1 SYSTEMPATH/Database/Database.php(61): CodeIgniter\Database\Database->initDriver()
 2 SYSTEMPATH/Database/Config.php(84): CodeIgniter\Database\Database->load()
 3 SYSTEMPATH/Common.php(363): CodeIgniter\Database\Config::connect()
 4 APPPATH/Controllers/Home.php(9): db_connect()
 5 SYSTEMPATH/CodeIgniter.php(933): App\Controllers\Home->index()
 6 SYSTEMPATH/CodeIgniter.php(507): CodeIgniter\CodeIgniter->runController()
 7 SYSTEMPATH/CodeIgniter.php(354): CodeIgniter\CodeIgniter->handleRequest()
 8 SYSTEMPATH/Boot.php(334): CodeIgniter\CodeIgniter->run()
 9 SYSTEMPATH/Boot.php(67): CodeIgniter\Boot::runCodeIgniter()
10 FCPATH/index.php(56): CodeIgniter\Boot::bootWeb()
CRITICAL - 2025-02-24 20:32:38 --> Error: Undefined constant "CodeIgniter\Database\MySQLi\MYSQLI_STORE_RESULT"
[Method: GET, Route: /]
in SYSTEMPATH/Database/Database.php on line 143.
 1 SYSTEMPATH/Database/Database.php(61): CodeIgniter\Database\Database->initDriver()
 2 SYSTEMPATH/Database/Config.php(84): CodeIgniter\Database\Database->load()
 3 SYSTEMPATH/Common.php(363): CodeIgniter\Database\Config::connect()
 4 APPPATH/Controllers/Home.php(9): db_connect()
 5 SYSTEMPATH/CodeIgniter.php(933): App\Controllers\Home->index()
 6 SYSTEMPATH/CodeIgniter.php(507): CodeIgniter\CodeIgniter->runController()
 7 SYSTEMPATH/CodeIgniter.php(354): CodeIgniter\CodeIgniter->handleRequest()
 8 SYSTEMPATH/Boot.php(334): CodeIgniter\CodeIgniter->run()
 9 SYSTEMPATH/Boot.php(67): CodeIgniter\Boot::runCodeIgniter()
10 FCPATH/index.php(56): CodeIgniter\Boot::bootWeb()
CRITICAL - 2025-02-24 20:32:38 --> Error: Undefined constant "CodeIgniter\Database\MySQLi\MYSQLI_STORE_RESULT"
[Method: GET, Route: /]
in SYSTEMPATH/Database/Database.php on line 143.
 1 SYSTEMPATH/Database/Database.php(61): CodeIgniter\Database\Database->initDriver()
 2 SYSTEMPATH/Database/Config.php(84): CodeIgniter\Database\Database->load()
 3 SYSTEMPATH/Common.php(363): CodeIgniter\Database\Config::connect()
 4 APPPATH/Controllers/Home.php(9): db_connect()
 5 SYSTEMPATH/CodeIgniter.php(933): App\Controllers\Home->index()
 6 SYSTEMPATH/CodeIgniter.php(507): CodeIgniter\CodeIgniter->runController()
 7 SYSTEMPATH/CodeIgniter.php(354): CodeIgniter\CodeIgniter->handleRequest()
 8 SYSTEMPATH/Boot.php(334): CodeIgniter\CodeIgniter->run()
 9 SYSTEMPATH/Boot.php(67): CodeIgniter\Boot::runCodeIgniter()
10 FCPATH/index.php(56): CodeIgniter\Boot::bootWeb()
CRITICAL - 2025-02-24 20:32:38 --> Error: Undefined constant "CodeIgniter\Database\MySQLi\MYSQLI_STORE_RESULT"
[Method: GET, Route: /]
in SYSTEMPATH/Database/Database.php on line 143.
 1 SYSTEMPATH/Database/Database.php(61): CodeIgniter\Database\Database->initDriver()
 2 SYSTEMPATH/Database/Config.php(84): CodeIgniter\Database\Database->load()
 3 SYSTEMPATH/Common.php(363): CodeIgniter\Database\Config::connect()
 4 APPPATH/Controllers/Home.php(9): db_connect()
 5 SYSTEMPATH/CodeIgniter.php(933): App\Controllers\Home->index()
 6 SYSTEMPATH/CodeIgniter.php(507): CodeIgniter\CodeIgniter->runController()
 7 SYSTEMPATH/CodeIgniter.php(354): CodeIgniter\CodeIgniter->handleRequest()
 8 SYSTEMPATH/Boot.php(334): CodeIgniter\CodeIgniter->run()
 9 SYSTEMPATH/Boot.php(67): CodeIgniter\Boot::runCodeIgniter()
10 FCPATH/index.php(56): CodeIgniter\Boot::bootWeb()
CRITICAL - 2025-02-24 20:32:39 --> Error: Undefined constant "CodeIgniter\Database\MySQLi\MYSQLI_STORE_RESULT"
[Method: GET, Route: /]
in SYSTEMPATH/Database/Database.php on line 143.
 1 SYSTEMPATH/Database/Database.php(61): CodeIgniter\Database\Database->initDriver()
 2 SYSTEMPATH/Database/Config.php(84): CodeIgniter\Database\Database->load()
 3 SYSTEMPATH/Common.php(363): CodeIgniter\Database\Config::connect()
 4 APPPATH/Controllers/Home.php(9): db_connect()
 5 SYSTEMPATH/CodeIgniter.php(933): App\Controllers\Home->index()
 6 SYSTEMPATH/CodeIgniter.php(507): CodeIgniter\CodeIgniter->runController()
 7 SYSTEMPATH/CodeIgniter.php(354): CodeIgniter\CodeIgniter->handleRequest()
 8 SYSTEMPATH/Boot.php(334): CodeIgniter\CodeIgniter->run()
 9 SYSTEMPATH/Boot.php(67): CodeIgniter\Boot::runCodeIgniter()
10 FCPATH/index.php(56): CodeIgniter\Boot::bootWeb()
CRITICAL - 2025-02-24 20:32:39 --> Error: Undefined constant "CodeIgniter\Database\MySQLi\MYSQLI_STORE_RESULT"
[Method: GET, Route: /]
in SYSTEMPATH/Database/Database.php on line 143.
 1 SYSTEMPATH/Database/Database.php(61): CodeIgniter\Database\Database->initDriver()
 2 SYSTEMPATH/Database/Config.php(84): CodeIgniter\Database\Database->load()
 3 SYSTEMPATH/Common.php(363): CodeIgniter\Database\Config::connect()
 4 APPPATH/Controllers/Home.php(9): db_connect()
 5 SYSTEMPATH/CodeIgniter.php(933): App\Controllers\Home->index()
 6 SYSTEMPATH/CodeIgniter.php(507): CodeIgniter\CodeIgniter->runController()
 7 SYSTEMPATH/CodeIgniter.php(354): CodeIgniter\CodeIgniter->handleRequest()
 8 SYSTEMPATH/Boot.php(334): CodeIgniter\CodeIgniter->run()
 9 SYSTEMPATH/Boot.php(67): CodeIgniter\Boot::runCodeIgniter()
10 FCPATH/index.php(56): CodeIgniter\Boot::bootWeb()
CRITICAL - 2025-02-24 20:33:07 --> Error: Undefined constant "CodeIgniter\Database\MySQLi\MYSQLI_STORE_RESULT"
[Method: GET, Route: /]
in SYSTEMPATH/Database/Database.php on line 143.
 1 SYSTEMPATH/Database/Database.php(61): CodeIgniter\Database\Database->initDriver()
 2 SYSTEMPATH/Database/Config.php(84): CodeIgniter\Database\Database->load()
 3 SYSTEMPATH/Common.php(363): CodeIgniter\Database\Config::connect()
 4 APPPATH/Controllers/Home.php(9): db_connect()
 5 SYSTEMPATH/CodeIgniter.php(933): App\Controllers\Home->index()
 6 SYSTEMPATH/CodeIgniter.php(507): CodeIgniter\CodeIgniter->runController()
 7 SYSTEMPATH/CodeIgniter.php(354): CodeIgniter\CodeIgniter->handleRequest()
 8 SYSTEMPATH/Boot.php(334): CodeIgniter\CodeIgniter->run()
 9 SYSTEMPATH/Boot.php(67): CodeIgniter\Boot::runCodeIgniter()
10 FCPATH/index.php(56): CodeIgniter\Boot::bootWeb()
CRITICAL - 2025-02-24 20:34:28 --> Error: Undefined constant "CodeIgniter\Database\MySQLi\MYSQLI_STORE_RESULT"
[Method: GET, Route: /]
in SYSTEMPATH/Database/Database.php on line 143.
 1 SYSTEMPATH/Database/Database.php(61): CodeIgniter\Database\Database->initDriver()
 2 SYSTEMPATH/Database/Config.php(84): CodeIgniter\Database\Database->load()
 3 SYSTEMPATH/Common.php(363): CodeIgniter\Database\Config::connect()
 4 APPPATH/Controllers/Home.php(9): db_connect()
 5 SYSTEMPATH/CodeIgniter.php(933): App\Controllers\Home->index()
 6 SYSTEMPATH/CodeIgniter.php(507): CodeIgniter\CodeIgniter->runController()
 7 SYSTEMPATH/CodeIgniter.php(354): CodeIgniter\CodeIgniter->handleRequest()
 8 SYSTEMPATH/Boot.php(334): CodeIgniter\CodeIgniter->run()
 9 SYSTEMPATH/Boot.php(67): CodeIgniter\Boot::runCodeIgniter()
10 FCPATH/index.php(56): CodeIgniter\Boot::bootWeb()
CRITICAL - 2025-02-24 20:34:44 --> Error: Undefined constant "CodeIgniter\Database\MySQLi\MYSQLI_STORE_RESULT"
[Method: GET, Route: /]
in SYSTEMPATH/Database/Database.php on line 143.
 1 SYSTEMPATH/Database/Database.php(61): CodeIgniter\Database\Database->initDriver()
 2 SYSTEMPATH/Database/Config.php(84): CodeIgniter\Database\Database->load()
 3 SYSTEMPATH/Common.php(363): CodeIgniter\Database\Config::connect()
 4 APPPATH/Controllers/Home.php(9): db_connect()
 5 SYSTEMPATH/CodeIgniter.php(933): App\Controllers\Home->index()
 6 SYSTEMPATH/CodeIgniter.php(507): CodeIgniter\CodeIgniter->runController()
 7 SYSTEMPATH/CodeIgniter.php(354): CodeIgniter\CodeIgniter->handleRequest()
 8 SYSTEMPATH/Boot.php(334): CodeIgniter\CodeIgniter->run()
 9 SYSTEMPATH/Boot.php(67): CodeIgniter\Boot::runCodeIgniter()
10 FCPATH/index.php(56): CodeIgniter\Boot::bootWeb()
CRITICAL - 2025-02-24 20:36:05 --> Error: Undefined constant "CodeIgniter\Database\MySQLi\MYSQLI_STORE_RESULT"
[Method: GET, Route: /]
in SYSTEMPATH/Database/Database.php on line 143.
 1 SYSTEMPATH/Database/Database.php(61): CodeIgniter\Database\Database->initDriver()
 2 SYSTEMPATH/Database/Config.php(84): CodeIgniter\Database\Database->load()
 3 SYSTEMPATH/Common.php(363): CodeIgniter\Database\Config::connect()
 4 APPPATH/Controllers/Home.php(9): db_connect()
 5 SYSTEMPATH/CodeIgniter.php(933): App\Controllers\Home->index()
 6 SYSTEMPATH/CodeIgniter.php(507): CodeIgniter\CodeIgniter->runController()
 7 SYSTEMPATH/CodeIgniter.php(354): CodeIgniter\CodeIgniter->handleRequest()
 8 SYSTEMPATH/Boot.php(334): CodeIgniter\CodeIgniter->run()
 9 SYSTEMPATH/Boot.php(67): CodeIgniter\Boot::runCodeIgniter()
10 FCPATH/index.php(56): CodeIgniter\Boot::bootWeb()
CRITICAL - 2025-02-24 20:36:06 --> Error: Undefined constant "CodeIgniter\Database\MySQLi\MYSQLI_STORE_RESULT"
[Method: GET, Route: /]
in SYSTEMPATH/Database/Database.php on line 143.
 1 SYSTEMPATH/Database/Database.php(61): CodeIgniter\Database\Database->initDriver()
 2 SYSTEMPATH/Database/Config.php(84): CodeIgniter\Database\Database->load()
 3 SYSTEMPATH/Common.php(363): CodeIgniter\Database\Config::connect()
 4 APPPATH/Controllers/Home.php(9): db_connect()
 5 SYSTEMPATH/CodeIgniter.php(933): App\Controllers\Home->index()
 6 SYSTEMPATH/CodeIgniter.php(507): CodeIgniter\CodeIgniter->runController()
 7 SYSTEMPATH/CodeIgniter.php(354): CodeIgniter\CodeIgniter->handleRequest()
 8 SYSTEMPATH/Boot.php(334): CodeIgniter\CodeIgniter->run()
 9 SYSTEMPATH/Boot.php(67): CodeIgniter\Boot::runCodeIgniter()
10 FCPATH/index.php(56): CodeIgniter\Boot::bootWeb()
CRITICAL - 2025-02-24 20:39:24 --> Error: Undefined constant "CodeIgniter\Database\MySQLi\MYSQLI_STORE_RESULT"
[Method: GET, Route: /]
in SYSTEMPATH/Database/Database.php on line 143.
 1 SYSTEMPATH/Database/Database.php(61): CodeIgniter\Database\Database->initDriver()
 2 SYSTEMPATH/Database/Config.php(84): CodeIgniter\Database\Database->load()
 3 SYSTEMPATH/Common.php(363): CodeIgniter\Database\Config::connect()
 4 APPPATH/Controllers/Home.php(9): db_connect()
 5 SYSTEMPATH/CodeIgniter.php(933): App\Controllers\Home->index()
 6 SYSTEMPATH/CodeIgniter.php(507): CodeIgniter\CodeIgniter->runController()
 7 SYSTEMPATH/CodeIgniter.php(354): CodeIgniter\CodeIgniter->handleRequest()
 8 SYSTEMPATH/Boot.php(334): CodeIgniter\CodeIgniter->run()
 9 SYSTEMPATH/Boot.php(67): CodeIgniter\Boot::runCodeIgniter()
10 FCPATH/index.php(56): CodeIgniter\Boot::bootWeb()
CRITICAL - 2025-02-24 20:39:24 --> Error: Undefined constant "CodeIgniter\Database\MySQLi\MYSQLI_STORE_RESULT"
[Method: GET, Route: /]
in SYSTEMPATH/Database/Database.php on line 143.
 1 SYSTEMPATH/Database/Database.php(61): CodeIgniter\Database\Database->initDriver()
 2 SYSTEMPATH/Database/Config.php(84): CodeIgniter\Database\Database->load()
 3 SYSTEMPATH/Common.php(363): CodeIgniter\Database\Config::connect()
 4 APPPATH/Controllers/Home.php(9): db_connect()
 5 SYSTEMPATH/CodeIgniter.php(933): App\Controllers\Home->index()
 6 SYSTEMPATH/CodeIgniter.php(507): CodeIgniter\CodeIgniter->runController()
 7 SYSTEMPATH/CodeIgniter.php(354): CodeIgniter\CodeIgniter->handleRequest()
 8 SYSTEMPATH/Boot.php(334): CodeIgniter\CodeIgniter->run()
 9 SYSTEMPATH/Boot.php(67): CodeIgniter\Boot::runCodeIgniter()
10 FCPATH/index.php(56): CodeIgniter\Boot::bootWeb()
CRITICAL - 2025-02-24 20:39:24 --> Error: Undefined constant "CodeIgniter\Database\MySQLi\MYSQLI_STORE_RESULT"
[Method: GET, Route: /]
in SYSTEMPATH/Database/Database.php on line 143.
 1 SYSTEMPATH/Database/Database.php(61): CodeIgniter\Database\Database->initDriver()
 2 SYSTEMPATH/Database/Config.php(84): CodeIgniter\Database\Database->load()
 3 SYSTEMPATH/Common.php(363): CodeIgniter\Database\Config::connect()
 4 APPPATH/Controllers/Home.php(9): db_connect()
 5 SYSTEMPATH/CodeIgniter.php(933): App\Controllers\Home->index()
 6 SYSTEMPATH/CodeIgniter.php(507): CodeIgniter\CodeIgniter->runController()
 7 SYSTEMPATH/CodeIgniter.php(354): CodeIgniter\CodeIgniter->handleRequest()
 8 SYSTEMPATH/Boot.php(334): CodeIgniter\CodeIgniter->run()
 9 SYSTEMPATH/Boot.php(67): CodeIgniter\Boot::runCodeIgniter()
10 FCPATH/index.php(56): CodeIgniter\Boot::bootWeb()
CRITICAL - 2025-02-24 20:39:24 --> Error: Undefined constant "CodeIgniter\Database\MySQLi\MYSQLI_STORE_RESULT"
[Method: GET, Route: /]
in SYSTEMPATH/Database/Database.php on line 143.
 1 SYSTEMPATH/Database/Database.php(61): CodeIgniter\Database\Database->initDriver()
 2 SYSTEMPATH/Database/Config.php(84): CodeIgniter\Database\Database->load()
 3 SYSTEMPATH/Common.php(363): CodeIgniter\Database\Config::connect()
 4 APPPATH/Controllers/Home.php(9): db_connect()
 5 SYSTEMPATH/CodeIgniter.php(933): App\Controllers\Home->index()
 6 SYSTEMPATH/CodeIgniter.php(507): CodeIgniter\CodeIgniter->runController()
 7 SYSTEMPATH/CodeIgniter.php(354): CodeIgniter\CodeIgniter->handleRequest()
 8 SYSTEMPATH/Boot.php(334): CodeIgniter\CodeIgniter->run()
 9 SYSTEMPATH/Boot.php(67): CodeIgniter\Boot::runCodeIgniter()
10 FCPATH/index.php(56): CodeIgniter\Boot::bootWeb()
CRITICAL - 2025-02-24 20:39:25 --> Error: Undefined constant "CodeIgniter\Database\MySQLi\MYSQLI_STORE_RESULT"
[Method: GET, Route: /]
in SYSTEMPATH/Database/Database.php on line 143.
 1 SYSTEMPATH/Database/Database.php(61): CodeIgniter\Database\Database->initDriver()
 2 SYSTEMPATH/Database/Config.php(84): CodeIgniter\Database\Database->load()
 3 SYSTEMPATH/Common.php(363): CodeIgniter\Database\Config::connect()
 4 APPPATH/Controllers/Home.php(9): db_connect()
 5 SYSTEMPATH/CodeIgniter.php(933): App\Controllers\Home->index()
 6 SYSTEMPATH/CodeIgniter.php(507): CodeIgniter\CodeIgniter->runController()
 7 SYSTEMPATH/CodeIgniter.php(354): CodeIgniter\CodeIgniter->handleRequest()
 8 SYSTEMPATH/Boot.php(334): CodeIgniter\CodeIgniter->run()
 9 SYSTEMPATH/Boot.php(67): CodeIgniter\Boot::runCodeIgniter()
10 FCPATH/index.php(56): CodeIgniter\Boot::bootWeb()
CRITICAL - 2025-02-24 20:39:25 --> Error: Undefined constant "CodeIgniter\Database\MySQLi\MYSQLI_STORE_RESULT"
[Method: GET, Route: /]
in SYSTEMPATH/Database/Database.php on line 143.
 1 SYSTEMPATH/Database/Database.php(61): CodeIgniter\Database\Database->initDriver()
 2 SYSTEMPATH/Database/Config.php(84): CodeIgniter\Database\Database->load()
 3 SYSTEMPATH/Common.php(363): CodeIgniter\Database\Config::connect()
 4 APPPATH/Controllers/Home.php(9): db_connect()
 5 SYSTEMPATH/CodeIgniter.php(933): App\Controllers\Home->index()
 6 SYSTEMPATH/CodeIgniter.php(507): CodeIgniter\CodeIgniter->runController()
 7 SYSTEMPATH/CodeIgniter.php(354): CodeIgniter\CodeIgniter->handleRequest()
 8 SYSTEMPATH/Boot.php(334): CodeIgniter\CodeIgniter->run()
 9 SYSTEMPATH/Boot.php(67): CodeIgniter\Boot::runCodeIgniter()
10 FCPATH/index.php(56): CodeIgniter\Boot::bootWeb()
CRITICAL - 2025-02-24 20:40:31 --> Error: Undefined constant "CodeIgniter\Database\MySQLi\MYSQLI_STORE_RESULT"
[Method: GET, Route: /]
in SYSTEMPATH/Database/Database.php on line 143.
 1 SYSTEMPATH/Database/Database.php(61): CodeIgniter\Database\Database->initDriver()
 2 SYSTEMPATH/Database/Config.php(84): CodeIgniter\Database\Database->load()
 3 SYSTEMPATH/Common.php(363): CodeIgniter\Database\Config::connect()
 4 APPPATH/Controllers/Home.php(9): db_connect()
 5 SYSTEMPATH/CodeIgniter.php(933): App\Controllers\Home->index()
 6 SYSTEMPATH/CodeIgniter.php(507): CodeIgniter\CodeIgniter->runController()
 7 SYSTEMPATH/CodeIgniter.php(354): CodeIgniter\CodeIgniter->handleRequest()
 8 SYSTEMPATH/Boot.php(334): CodeIgniter\CodeIgniter->run()
 9 SYSTEMPATH/Boot.php(67): CodeIgniter\Boot::runCodeIgniter()
10 FCPATH/index.php(56): CodeIgniter\Boot::bootWeb()
CRITICAL - 2025-02-24 20:40:40 --> Error: Undefined constant "CodeIgniter\Database\MySQLi\MYSQLI_STORE_RESULT"
[Method: GET, Route: /]
in SYSTEMPATH/Database/Database.php on line 143.
 1 SYSTEMPATH/Database/Database.php(61): CodeIgniter\Database\Database->initDriver()
 2 SYSTEMPATH/Database/Config.php(84): CodeIgniter\Database\Database->load()
 3 SYSTEMPATH/Common.php(363): CodeIgniter\Database\Config::connect()
 4 APPPATH/Controllers/Home.php(9): db_connect()
 5 SYSTEMPATH/CodeIgniter.php(933): App\Controllers\Home->index()
 6 SYSTEMPATH/CodeIgniter.php(507): CodeIgniter\CodeIgniter->runController()
 7 SYSTEMPATH/CodeIgniter.php(354): CodeIgniter\CodeIgniter->handleRequest()
 8 SYSTEMPATH/Boot.php(334): CodeIgniter\CodeIgniter->run()
 9 SYSTEMPATH/Boot.php(67): CodeIgniter\Boot::runCodeIgniter()
10 FCPATH/index.php(56): CodeIgniter\Boot::bootWeb()
CRITICAL - 2025-02-24 20:40:41 --> Error: Undefined constant "CodeIgniter\Database\MySQLi\MYSQLI_STORE_RESULT"
[Method: GET, Route: /]
in SYSTEMPATH/Database/Database.php on line 143.
 1 SYSTEMPATH/Database/Database.php(61): CodeIgniter\Database\Database->initDriver()
 2 SYSTEMPATH/Database/Config.php(84): CodeIgniter\Database\Database->load()
 3 SYSTEMPATH/Common.php(363): CodeIgniter\Database\Config::connect()
 4 APPPATH/Controllers/Home.php(9): db_connect()
 5 SYSTEMPATH/CodeIgniter.php(933): App\Controllers\Home->index()
 6 SYSTEMPATH/CodeIgniter.php(507): CodeIgniter\CodeIgniter->runController()
 7 SYSTEMPATH/CodeIgniter.php(354): CodeIgniter\CodeIgniter->handleRequest()
 8 SYSTEMPATH/Boot.php(334): CodeIgniter\CodeIgniter->run()
 9 SYSTEMPATH/Boot.php(67): CodeIgniter\Boot::runCodeIgniter()
10 FCPATH/index.php(56): CodeIgniter\Boot::bootWeb()
CRITICAL - 2025-02-24 20:40:51 --> Error: Undefined constant "CodeIgniter\Database\MySQLi\MYSQLI_STORE_RESULT"
[Method: GET, Route: /]
in SYSTEMPATH/Database/Database.php on line 143.
 1 SYSTEMPATH/Database/Database.php(61): CodeIgniter\Database\Database->initDriver()
 2 SYSTEMPATH/Database/Config.php(84): CodeIgniter\Database\Database->load()
 3 SYSTEMPATH/Common.php(363): CodeIgniter\Database\Config::connect()
 4 APPPATH/Controllers/Home.php(9): db_connect()
 5 SYSTEMPATH/CodeIgniter.php(933): App\Controllers\Home->index()
 6 SYSTEMPATH/CodeIgniter.php(507): CodeIgniter\CodeIgniter->runController()
 7 SYSTEMPATH/CodeIgniter.php(354): CodeIgniter\CodeIgniter->handleRequest()
 8 SYSTEMPATH/Boot.php(334): CodeIgniter\CodeIgniter->run()
 9 SYSTEMPATH/Boot.php(67): CodeIgniter\Boot::runCodeIgniter()
10 FCPATH/index.php(56): CodeIgniter\Boot::bootWeb()
CRITICAL - 2025-02-24 20:41:33 --> Error: Undefined constant "CodeIgniter\Database\MySQLi\MYSQLI_STORE_RESULT"
[Method: GET, Route: /]
in SYSTEMPATH/Database/Database.php on line 143.
 1 SYSTEMPATH/Database/Database.php(61): CodeIgniter\Database\Database->initDriver()
 2 SYSTEMPATH/Database/Config.php(84): CodeIgniter\Database\Database->load()
 3 SYSTEMPATH/Common.php(363): CodeIgniter\Database\Config::connect()
 4 APPPATH/Controllers/Home.php(9): db_connect()
 5 SYSTEMPATH/CodeIgniter.php(933): App\Controllers\Home->index()
 6 SYSTEMPATH/CodeIgniter.php(507): CodeIgniter\CodeIgniter->runController()
 7 SYSTEMPATH/CodeIgniter.php(354): CodeIgniter\CodeIgniter->handleRequest()
 8 SYSTEMPATH/Boot.php(334): CodeIgniter\CodeIgniter->run()
 9 SYSTEMPATH/Boot.php(67): CodeIgniter\Boot::runCodeIgniter()
10 FCPATH/index.php(56): CodeIgniter\Boot::bootWeb()
CRITICAL - 2025-02-24 20:41:47 --> Error: Undefined constant "CodeIgniter\Database\MySQLi\MYSQLI_STORE_RESULT"
[Method: GET, Route: /]
in SYSTEMPATH/Database/Database.php on line 143.
 1 SYSTEMPATH/Database/Database.php(61): CodeIgniter\Database\Database->initDriver()
 2 SYSTEMPATH/Database/Config.php(84): CodeIgniter\Database\Database->load()
 3 SYSTEMPATH/Common.php(363): CodeIgniter\Database\Config::connect()
 4 APPPATH/Controllers/Home.php(9): db_connect()
 5 SYSTEMPATH/CodeIgniter.php(933): App\Controllers\Home->index()
 6 SYSTEMPATH/CodeIgniter.php(507): CodeIgniter\CodeIgniter->runController()
 7 SYSTEMPATH/CodeIgniter.php(354): CodeIgniter\CodeIgniter->handleRequest()
 8 SYSTEMPATH/Boot.php(334): CodeIgniter\CodeIgniter->run()
 9 SYSTEMPATH/Boot.php(67): CodeIgniter\Boot::runCodeIgniter()
10 FCPATH/index.php(56): CodeIgniter\Boot::bootWeb()
CRITICAL - 2025-02-24 20:41:54 --> Error: Undefined constant "CodeIgniter\Database\MySQLi\MYSQLI_STORE_RESULT"
[Method: GET, Route: /]
in SYSTEMPATH/Database/Database.php on line 143.
 1 SYSTEMPATH/Database/Database.php(61): CodeIgniter\Database\Database->initDriver()
 2 SYSTEMPATH/Database/Config.php(84): CodeIgniter\Database\Database->load()
 3 SYSTEMPATH/Common.php(363): CodeIgniter\Database\Config::connect()
 4 APPPATH/Controllers/Home.php(9): db_connect()
 5 SYSTEMPATH/CodeIgniter.php(933): App\Controllers\Home->index()
 6 SYSTEMPATH/CodeIgniter.php(507): CodeIgniter\CodeIgniter->runController()
 7 SYSTEMPATH/CodeIgniter.php(354): CodeIgniter\CodeIgniter->handleRequest()
 8 SYSTEMPATH/Boot.php(334): CodeIgniter\CodeIgniter->run()
 9 SYSTEMPATH/Boot.php(67): CodeIgniter\Boot::runCodeIgniter()
10 FCPATH/index.php(56): CodeIgniter\Boot::bootWeb()
CRITICAL - 2025-02-24 20:42:23 --> Error: Undefined constant "CodeIgniter\Database\MySQLi\MYSQLI_STORE_RESULT"
[Method: GET, Route: /]
in SYSTEMPATH/Database/Database.php on line 143.
 1 SYSTEMPATH/Database/Database.php(61): CodeIgniter\Database\Database->initDriver()
 2 SYSTEMPATH/Database/Config.php(84): CodeIgniter\Database\Database->load()
 3 SYSTEMPATH/Common.php(363): CodeIgniter\Database\Config::connect()
 4 APPPATH/Controllers/Home.php(9): db_connect()
 5 SYSTEMPATH/CodeIgniter.php(933): App\Controllers\Home->index()
 6 SYSTEMPATH/CodeIgniter.php(507): CodeIgniter\CodeIgniter->runController()
 7 SYSTEMPATH/CodeIgniter.php(354): CodeIgniter\CodeIgniter->handleRequest()
 8 SYSTEMPATH/Boot.php(334): CodeIgniter\CodeIgniter->run()
 9 SYSTEMPATH/Boot.php(67): CodeIgniter\Boot::runCodeIgniter()
10 FCPATH/index.php(56): CodeIgniter\Boot::bootWeb()
CRITICAL - 2025-02-24 20:42:23 --> Error: Undefined constant "CodeIgniter\Database\MySQLi\MYSQLI_STORE_RESULT"
[Method: GET, Route: /]
in SYSTEMPATH/Database/Database.php on line 143.
 1 SYSTEMPATH/Database/Database.php(61): CodeIgniter\Database\Database->initDriver()
 2 SYSTEMPATH/Database/Config.php(84): CodeIgniter\Database\Database->load()
 3 SYSTEMPATH/Common.php(363): CodeIgniter\Database\Config::connect()
 4 APPPATH/Controllers/Home.php(9): db_connect()
 5 SYSTEMPATH/CodeIgniter.php(933): App\Controllers\Home->index()
 6 SYSTEMPATH/CodeIgniter.php(507): CodeIgniter\CodeIgniter->runController()
 7 SYSTEMPATH/CodeIgniter.php(354): CodeIgniter\CodeIgniter->handleRequest()
 8 SYSTEMPATH/Boot.php(334): CodeIgniter\CodeIgniter->run()
 9 SYSTEMPATH/Boot.php(67): CodeIgniter\Boot::runCodeIgniter()
10 FCPATH/index.php(56): CodeIgniter\Boot::bootWeb()
CRITICAL - 2025-02-24 20:42:29 --> Error: Undefined constant "CodeIgniter\Database\MySQLi\MYSQLI_STORE_RESULT"
[Method: GET, Route: /]
in SYSTEMPATH/Database/Database.php on line 143.
 1 SYSTEMPATH/Database/Database.php(61): CodeIgniter\Database\Database->initDriver()
 2 SYSTEMPATH/Database/Config.php(84): CodeIgniter\Database\Database->load()
 3 SYSTEMPATH/Common.php(363): CodeIgniter\Database\Config::connect()
 4 APPPATH/Controllers/Home.php(9): db_connect()
 5 SYSTEMPATH/CodeIgniter.php(933): App\Controllers\Home->index()
 6 SYSTEMPATH/CodeIgniter.php(507): CodeIgniter\CodeIgniter->runController()
 7 SYSTEMPATH/CodeIgniter.php(354): CodeIgniter\CodeIgniter->handleRequest()
 8 SYSTEMPATH/Boot.php(334): CodeIgniter\CodeIgniter->run()
 9 SYSTEMPATH/Boot.php(67): CodeIgniter\Boot::runCodeIgniter()
10 FCPATH/index.php(56): CodeIgniter\Boot::bootWeb()
CRITICAL - 2025-02-24 20:42:39 --> Error: Undefined constant "CodeIgniter\Database\MySQLi\MYSQLI_STORE_RESULT"
[Method: GET, Route: /]
in SYSTEMPATH/Database/Database.php on line 143.
 1 SYSTEMPATH/Database/Database.php(61): CodeIgniter\Database\Database->initDriver()
 2 SYSTEMPATH/Database/Config.php(84): CodeIgniter\Database\Database->load()
 3 SYSTEMPATH/Common.php(363): CodeIgniter\Database\Config::connect()
 4 APPPATH/Controllers/Home.php(9): db_connect()
 5 SYSTEMPATH/CodeIgniter.php(933): App\Controllers\Home->index()
 6 SYSTEMPATH/CodeIgniter.php(507): CodeIgniter\CodeIgniter->runController()
 7 SYSTEMPATH/CodeIgniter.php(354): CodeIgniter\CodeIgniter->handleRequest()
 8 SYSTEMPATH/Boot.php(334): CodeIgniter\CodeIgniter->run()
 9 SYSTEMPATH/Boot.php(67): CodeIgniter\Boot::runCodeIgniter()
10 FCPATH/index.php(56): CodeIgniter\Boot::bootWeb()
CRITICAL - 2025-02-24 20:42:45 --> Error: Undefined constant "CodeIgniter\Database\MySQLi\MYSQLI_STORE_RESULT"
[Method: GET, Route: /]
in SYSTEMPATH/Database/Database.php on line 143.
 1 SYSTEMPATH/Database/Database.php(61): CodeIgniter\Database\Database->initDriver()
 2 SYSTEMPATH/Database/Config.php(84): CodeIgniter\Database\Database->load()
 3 SYSTEMPATH/Common.php(363): CodeIgniter\Database\Config::connect()
 4 APPPATH/Controllers/Home.php(9): db_connect()
 5 SYSTEMPATH/CodeIgniter.php(933): App\Controllers\Home->index()
 6 SYSTEMPATH/CodeIgniter.php(507): CodeIgniter\CodeIgniter->runController()
 7 SYSTEMPATH/CodeIgniter.php(354): CodeIgniter\CodeIgniter->handleRequest()
 8 SYSTEMPATH/Boot.php(334): CodeIgniter\CodeIgniter->run()
 9 SYSTEMPATH/Boot.php(67): CodeIgniter\Boot::runCodeIgniter()
10 FCPATH/index.php(56): CodeIgniter\Boot::bootWeb()
CRITICAL - 2025-02-24 20:42:50 --> Error: Undefined constant "CodeIgniter\Database\MySQLi\MYSQLI_STORE_RESULT"
[Method: GET, Route: /]
in SYSTEMPATH/Database/Database.php on line 143.
 1 SYSTEMPATH/Database/Database.php(61): CodeIgniter\Database\Database->initDriver()
 2 SYSTEMPATH/Database/Config.php(84): CodeIgniter\Database\Database->load()
 3 SYSTEMPATH/Common.php(363): CodeIgniter\Database\Config::connect()
 4 APPPATH/Controllers/Home.php(9): db_connect()
 5 SYSTEMPATH/CodeIgniter.php(933): App\Controllers\Home->index()
 6 SYSTEMPATH/CodeIgniter.php(507): CodeIgniter\CodeIgniter->runController()
 7 SYSTEMPATH/CodeIgniter.php(354): CodeIgniter\CodeIgniter->handleRequest()
 8 SYSTEMPATH/Boot.php(334): CodeIgniter\CodeIgniter->run()
 9 SYSTEMPATH/Boot.php(67): CodeIgniter\Boot::runCodeIgniter()
10 FCPATH/index.php(56): CodeIgniter\Boot::bootWeb()
CRITICAL - 2025-02-24 20:43:15 --> Error: Undefined constant "CodeIgniter\Database\MySQLi\MYSQLI_STORE_RESULT"
[Method: GET, Route: /]
in SYSTEMPATH/Database/Database.php on line 143.
 1 SYSTEMPATH/Database/Database.php(61): CodeIgniter\Database\Database->initDriver()
 2 SYSTEMPATH/Database/Config.php(84): CodeIgniter\Database\Database->load()
 3 SYSTEMPATH/Common.php(363): CodeIgniter\Database\Config::connect()
 4 APPPATH/Controllers/Home.php(9): db_connect()
 5 SYSTEMPATH/CodeIgniter.php(933): App\Controllers\Home->index()
 6 SYSTEMPATH/CodeIgniter.php(507): CodeIgniter\CodeIgniter->runController()
 7 SYSTEMPATH/CodeIgniter.php(354): CodeIgniter\CodeIgniter->handleRequest()
 8 SYSTEMPATH/Boot.php(334): CodeIgniter\CodeIgniter->run()
 9 SYSTEMPATH/Boot.php(67): CodeIgniter\Boot::runCodeIgniter()
10 FCPATH/index.php(56): CodeIgniter\Boot::bootWeb()
CRITICAL - 2025-02-24 20:43:20 --> Error: Undefined constant "CodeIgniter\Database\MySQLi\MYSQLI_STORE_RESULT"
[Method: GET, Route: /]
in SYSTEMPATH/Database/Database.php on line 143.
 1 SYSTEMPATH/Database/Database.php(61): CodeIgniter\Database\Database->initDriver()
 2 SYSTEMPATH/Database/Config.php(84): CodeIgniter\Database\Database->load()
 3 SYSTEMPATH/Common.php(363): CodeIgniter\Database\Config::connect()
 4 APPPATH/Controllers/Home.php(9): db_connect()
 5 SYSTEMPATH/CodeIgniter.php(933): App\Controllers\Home->index()
 6 SYSTEMPATH/CodeIgniter.php(507): CodeIgniter\CodeIgniter->runController()
 7 SYSTEMPATH/CodeIgniter.php(354): CodeIgniter\CodeIgniter->handleRequest()
 8 SYSTEMPATH/Boot.php(334): CodeIgniter\CodeIgniter->run()
 9 SYSTEMPATH/Boot.php(67): CodeIgniter\Boot::runCodeIgniter()
10 FCPATH/index.php(56): CodeIgniter\Boot::bootWeb()
CRITICAL - 2025-02-24 20:43:24 --> Error: Undefined constant "CodeIgniter\Database\MySQLi\MYSQLI_STORE_RESULT"
[Method: GET, Route: /]
in SYSTEMPATH/Database/Database.php on line 143.
 1 SYSTEMPATH/Database/Database.php(61): CodeIgniter\Database\Database->initDriver()
 2 SYSTEMPATH/Database/Config.php(84): CodeIgniter\Database\Database->load()
 3 SYSTEMPATH/Common.php(363): CodeIgniter\Database\Config::connect()
 4 APPPATH/Controllers/Home.php(9): db_connect()
 5 SYSTEMPATH/CodeIgniter.php(933): App\Controllers\Home->index()
 6 SYSTEMPATH/CodeIgniter.php(507): CodeIgniter\CodeIgniter->runController()
 7 SYSTEMPATH/CodeIgniter.php(354): CodeIgniter\CodeIgniter->handleRequest()
 8 SYSTEMPATH/Boot.php(334): CodeIgniter\CodeIgniter->run()
 9 SYSTEMPATH/Boot.php(67): CodeIgniter\Boot::runCodeIgniter()
10 FCPATH/index.php(56): CodeIgniter\Boot::bootWeb()
CRITICAL - 2025-02-24 20:43:35 --> Error: Undefined constant "CodeIgniter\Database\MySQLi\MYSQLI_STORE_RESULT"
[Method: GET, Route: /]
in SYSTEMPATH/Database/Database.php on line 143.
 1 SYSTEMPATH/Database/Database.php(61): CodeIgniter\Database\Database->initDriver()
 2 SYSTEMPATH/Database/Config.php(84): CodeIgniter\Database\Database->load()
 3 SYSTEMPATH/Common.php(363): CodeIgniter\Database\Config::connect()
 4 APPPATH/Controllers/Home.php(9): db_connect()
 5 SYSTEMPATH/CodeIgniter.php(933): App\Controllers\Home->index()
 6 SYSTEMPATH/CodeIgniter.php(507): CodeIgniter\CodeIgniter->runController()
 7 SYSTEMPATH/CodeIgniter.php(354): CodeIgniter\CodeIgniter->handleRequest()
 8 SYSTEMPATH/Boot.php(334): CodeIgniter\CodeIgniter->run()
 9 SYSTEMPATH/Boot.php(67): CodeIgniter\Boot::runCodeIgniter()
10 FCPATH/index.php(56): CodeIgniter\Boot::bootWeb()
CRITICAL - 2025-02-24 20:43:35 --> Error: Undefined constant "CodeIgniter\Database\MySQLi\MYSQLI_STORE_RESULT"
[Method: GET, Route: /]
in SYSTEMPATH/Database/Database.php on line 143.
 1 SYSTEMPATH/Database/Database.php(61): CodeIgniter\Database\Database->initDriver()
 2 SYSTEMPATH/Database/Config.php(84): CodeIgniter\Database\Database->load()
 3 SYSTEMPATH/Common.php(363): CodeIgniter\Database\Config::connect()
 4 APPPATH/Controllers/Home.php(9): db_connect()
 5 SYSTEMPATH/CodeIgniter.php(933): App\Controllers\Home->index()
 6 SYSTEMPATH/CodeIgniter.php(507): CodeIgniter\CodeIgniter->runController()
 7 SYSTEMPATH/CodeIgniter.php(354): CodeIgniter\CodeIgniter->handleRequest()
 8 SYSTEMPATH/Boot.php(334): CodeIgniter\CodeIgniter->run()
 9 SYSTEMPATH/Boot.php(67): CodeIgniter\Boot::runCodeIgniter()
10 FCPATH/index.php(56): CodeIgniter\Boot::bootWeb()
CRITICAL - 2025-02-24 20:43:35 --> Error: Undefined constant "CodeIgniter\Database\MySQLi\MYSQLI_STORE_RESULT"
[Method: GET, Route: /]
in SYSTEMPATH/Database/Database.php on line 143.
 1 SYSTEMPATH/Database/Database.php(61): CodeIgniter\Database\Database->initDriver()
 2 SYSTEMPATH/Database/Config.php(84): CodeIgniter\Database\Database->load()
 3 SYSTEMPATH/Common.php(363): CodeIgniter\Database\Config::connect()
 4 APPPATH/Controllers/Home.php(9): db_connect()
 5 SYSTEMPATH/CodeIgniter.php(933): App\Controllers\Home->index()
 6 SYSTEMPATH/CodeIgniter.php(507): CodeIgniter\CodeIgniter->runController()
 7 SYSTEMPATH/CodeIgniter.php(354): CodeIgniter\CodeIgniter->handleRequest()
 8 SYSTEMPATH/Boot.php(334): CodeIgniter\CodeIgniter->run()
 9 SYSTEMPATH/Boot.php(67): CodeIgniter\Boot::runCodeIgniter()
10 FCPATH/index.php(56): CodeIgniter\Boot::bootWeb()
CRITICAL - 2025-02-24 20:43:36 --> Error: Undefined constant "CodeIgniter\Database\MySQLi\MYSQLI_STORE_RESULT"
[Method: GET, Route: /]
in SYSTEMPATH/Database/Database.php on line 143.
 1 SYSTEMPATH/Database/Database.php(61): CodeIgniter\Database\Database->initDriver()
 2 SYSTEMPATH/Database/Config.php(84): CodeIgniter\Database\Database->load()
 3 SYSTEMPATH/Common.php(363): CodeIgniter\Database\Config::connect()
 4 APPPATH/Controllers/Home.php(9): db_connect()
 5 SYSTEMPATH/CodeIgniter.php(933): App\Controllers\Home->index()
 6 SYSTEMPATH/CodeIgniter.php(507): CodeIgniter\CodeIgniter->runController()
 7 SYSTEMPATH/CodeIgniter.php(354): CodeIgniter\CodeIgniter->handleRequest()
 8 SYSTEMPATH/Boot.php(334): CodeIgniter\CodeIgniter->run()
 9 SYSTEMPATH/Boot.php(67): CodeIgniter\Boot::runCodeIgniter()
10 FCPATH/index.php(56): CodeIgniter\Boot::bootWeb()
CRITICAL - 2025-02-24 20:43:45 --> Error: Undefined constant "CodeIgniter\Database\MySQLi\MYSQLI_STORE_RESULT"
[Method: GET, Route: /]
in SYSTEMPATH/Database/Database.php on line 143.
 1 SYSTEMPATH/Database/Database.php(61): CodeIgniter\Database\Database->initDriver()
 2 SYSTEMPATH/Database/Config.php(84): CodeIgniter\Database\Database->load()
 3 SYSTEMPATH/Common.php(363): CodeIgniter\Database\Config::connect()
 4 APPPATH/Controllers/Home.php(9): db_connect()
 5 SYSTEMPATH/CodeIgniter.php(933): App\Controllers\Home->index()
 6 SYSTEMPATH/CodeIgniter.php(507): CodeIgniter\CodeIgniter->runController()
 7 SYSTEMPATH/CodeIgniter.php(354): CodeIgniter\CodeIgniter->handleRequest()
 8 SYSTEMPATH/Boot.php(334): CodeIgniter\CodeIgniter->run()
 9 SYSTEMPATH/Boot.php(67): CodeIgniter\Boot::runCodeIgniter()
10 FCPATH/index.php(56): CodeIgniter\Boot::bootWeb()
CRITICAL - 2025-02-24 20:43:45 --> Error: Undefined constant "CodeIgniter\Database\MySQLi\MYSQLI_STORE_RESULT"
[Method: GET, Route: /]
in SYSTEMPATH/Database/Database.php on line 143.
 1 SYSTEMPATH/Database/Database.php(61): CodeIgniter\Database\Database->initDriver()
 2 SYSTEMPATH/Database/Config.php(84): CodeIgniter\Database\Database->load()
 3 SYSTEMPATH/Common.php(363): CodeIgniter\Database\Config::connect()
 4 APPPATH/Controllers/Home.php(9): db_connect()
 5 SYSTEMPATH/CodeIgniter.php(933): App\Controllers\Home->index()
 6 SYSTEMPATH/CodeIgniter.php(507): CodeIgniter\CodeIgniter->runController()
 7 SYSTEMPATH/CodeIgniter.php(354): CodeIgniter\CodeIgniter->handleRequest()
 8 SYSTEMPATH/Boot.php(334): CodeIgniter\CodeIgniter->run()
 9 SYSTEMPATH/Boot.php(67): CodeIgniter\Boot::runCodeIgniter()
10 FCPATH/index.php(56): CodeIgniter\Boot::bootWeb()
CRITICAL - 2025-02-24 20:43:45 --> Error: Undefined constant "CodeIgniter\Database\MySQLi\MYSQLI_STORE_RESULT"
[Method: GET, Route: /]
in SYSTEMPATH/Database/Database.php on line 143.
 1 SYSTEMPATH/Database/Database.php(61): CodeIgniter\Database\Database->initDriver()
 2 SYSTEMPATH/Database/Config.php(84): CodeIgniter\Database\Database->load()
 3 SYSTEMPATH/Common.php(363): CodeIgniter\Database\Config::connect()
 4 APPPATH/Controllers/Home.php(9): db_connect()
 5 SYSTEMPATH/CodeIgniter.php(933): App\Controllers\Home->index()
 6 SYSTEMPATH/CodeIgniter.php(507): CodeIgniter\CodeIgniter->runController()
 7 SYSTEMPATH/CodeIgniter.php(354): CodeIgniter\CodeIgniter->handleRequest()
 8 SYSTEMPATH/Boot.php(334): CodeIgniter\CodeIgniter->run()
 9 SYSTEMPATH/Boot.php(67): CodeIgniter\Boot::runCodeIgniter()
10 FCPATH/index.php(56): CodeIgniter\Boot::bootWeb()
CRITICAL - 2025-02-24 20:43:45 --> Error: Undefined constant "CodeIgniter\Database\MySQLi\MYSQLI_STORE_RESULT"
[Method: GET, Route: /]
in SYSTEMPATH/Database/Database.php on line 143.
 1 SYSTEMPATH/Database/Database.php(61): CodeIgniter\Database\Database->initDriver()
 2 SYSTEMPATH/Database/Config.php(84): CodeIgniter\Database\Database->load()
 3 SYSTEMPATH/Common.php(363): CodeIgniter\Database\Config::connect()
 4 APPPATH/Controllers/Home.php(9): db_connect()
 5 SYSTEMPATH/CodeIgniter.php(933): App\Controllers\Home->index()
 6 SYSTEMPATH/CodeIgniter.php(507): CodeIgniter\CodeIgniter->runController()
 7 SYSTEMPATH/CodeIgniter.php(354): CodeIgniter\CodeIgniter->handleRequest()
 8 SYSTEMPATH/Boot.php(334): CodeIgniter\CodeIgniter->run()
 9 SYSTEMPATH/Boot.php(67): CodeIgniter\Boot::runCodeIgniter()
10 FCPATH/index.php(56): CodeIgniter\Boot::bootWeb()
CRITICAL - 2025-02-24 20:43:45 --> Error: Undefined constant "CodeIgniter\Database\MySQLi\MYSQLI_STORE_RESULT"
[Method: GET, Route: /]
in SYSTEMPATH/Database/Database.php on line 143.
 1 SYSTEMPATH/Database/Database.php(61): CodeIgniter\Database\Database->initDriver()
 2 SYSTEMPATH/Database/Config.php(84): CodeIgniter\Database\Database->load()
 3 SYSTEMPATH/Common.php(363): CodeIgniter\Database\Config::connect()
 4 APPPATH/Controllers/Home.php(9): db_connect()
 5 SYSTEMPATH/CodeIgniter.php(933): App\Controllers\Home->index()
 6 SYSTEMPATH/CodeIgniter.php(507): CodeIgniter\CodeIgniter->runController()
 7 SYSTEMPATH/CodeIgniter.php(354): CodeIgniter\CodeIgniter->handleRequest()
 8 SYSTEMPATH/Boot.php(334): CodeIgniter\CodeIgniter->run()
 9 SYSTEMPATH/Boot.php(67): CodeIgniter\Boot::runCodeIgniter()
10 FCPATH/index.php(56): CodeIgniter\Boot::bootWeb()
CRITICAL - 2025-02-24 20:43:46 --> Error: Undefined constant "CodeIgniter\Database\MySQLi\MYSQLI_STORE_RESULT"
[Method: GET, Route: /]
in SYSTEMPATH/Database/Database.php on line 143.
 1 SYSTEMPATH/Database/Database.php(61): CodeIgniter\Database\Database->initDriver()
 2 SYSTEMPATH/Database/Config.php(84): CodeIgniter\Database\Database->load()
 3 SYSTEMPATH/Common.php(363): CodeIgniter\Database\Config::connect()
 4 APPPATH/Controllers/Home.php(9): db_connect()
 5 SYSTEMPATH/CodeIgniter.php(933): App\Controllers\Home->index()
 6 SYSTEMPATH/CodeIgniter.php(507): CodeIgniter\CodeIgniter->runController()
 7 SYSTEMPATH/CodeIgniter.php(354): CodeIgniter\CodeIgniter->handleRequest()
 8 SYSTEMPATH/Boot.php(334): CodeIgniter\CodeIgniter->run()
 9 SYSTEMPATH/Boot.php(67): CodeIgniter\Boot::runCodeIgniter()
10 FCPATH/index.php(56): CodeIgniter\Boot::bootWeb()
CRITICAL - 2025-02-24 20:46:13 --> Error: Undefined constant "CodeIgniter\Database\MySQLi\MYSQLI_STORE_RESULT"
[Method: GET, Route: /]
in SYSTEMPATH/Database/Database.php on line 143.
 1 SYSTEMPATH/Database/Database.php(61): CodeIgniter\Database\Database->initDriver()
 2 SYSTEMPATH/Database/Config.php(84): CodeIgniter\Database\Database->load()
 3 SYSTEMPATH/Common.php(363): CodeIgniter\Database\Config::connect()
 4 APPPATH/Controllers/Home.php(9): db_connect()
 5 SYSTEMPATH/CodeIgniter.php(933): App\Controllers\Home->index()
 6 SYSTEMPATH/CodeIgniter.php(507): CodeIgniter\CodeIgniter->runController()
 7 SYSTEMPATH/CodeIgniter.php(354): CodeIgniter\CodeIgniter->handleRequest()
 8 SYSTEMPATH/Boot.php(334): CodeIgniter\CodeIgniter->run()
 9 SYSTEMPATH/Boot.php(67): CodeIgniter\Boot::runCodeIgniter()
10 FCPATH/index.php(56): CodeIgniter\Boot::bootWeb()
CRITICAL - 2025-02-24 20:46:14 --> Error: Undefined constant "CodeIgniter\Database\MySQLi\MYSQLI_STORE_RESULT"
[Method: GET, Route: /]
in SYSTEMPATH/Database/Database.php on line 143.
 1 SYSTEMPATH/Database/Database.php(61): CodeIgniter\Database\Database->initDriver()
 2 SYSTEMPATH/Database/Config.php(84): CodeIgniter\Database\Database->load()
 3 SYSTEMPATH/Common.php(363): CodeIgniter\Database\Config::connect()
 4 APPPATH/Controllers/Home.php(9): db_connect()
 5 SYSTEMPATH/CodeIgniter.php(933): App\Controllers\Home->index()
 6 SYSTEMPATH/CodeIgniter.php(507): CodeIgniter\CodeIgniter->runController()
 7 SYSTEMPATH/CodeIgniter.php(354): CodeIgniter\CodeIgniter->handleRequest()
 8 SYSTEMPATH/Boot.php(334): CodeIgniter\CodeIgniter->run()
 9 SYSTEMPATH/Boot.php(67): CodeIgniter\Boot::runCodeIgniter()
10 FCPATH/index.php(56): CodeIgniter\Boot::bootWeb()
CRITICAL - 2025-02-24 20:46:50 --> Error: Undefined constant "CodeIgniter\Database\MySQLi\MYSQLI_STORE_RESULT"
[Method: GET, Route: /]
in SYSTEMPATH/Database/Database.php on line 143.
 1 SYSTEMPATH/Database/Database.php(61): CodeIgniter\Database\Database->initDriver()
 2 SYSTEMPATH/Database/Config.php(84): CodeIgniter\Database\Database->load()
 3 SYSTEMPATH/Common.php(363): CodeIgniter\Database\Config::connect()
 4 APPPATH/Controllers/Home.php(9): db_connect()
 5 SYSTEMPATH/CodeIgniter.php(933): App\Controllers\Home->index()
 6 SYSTEMPATH/CodeIgniter.php(507): CodeIgniter\CodeIgniter->runController()
 7 SYSTEMPATH/CodeIgniter.php(354): CodeIgniter\CodeIgniter->handleRequest()
 8 SYSTEMPATH/Boot.php(334): CodeIgniter\CodeIgniter->run()
 9 SYSTEMPATH/Boot.php(67): CodeIgniter\Boot::runCodeIgniter()
10 FCPATH/index.php(56): CodeIgniter\Boot::bootWeb()
CRITICAL - 2025-02-24 20:46:51 --> Error: Undefined constant "CodeIgniter\Database\MySQLi\MYSQLI_STORE_RESULT"
[Method: GET, Route: /]
in SYSTEMPATH/Database/Database.php on line 143.
 1 SYSTEMPATH/Database/Database.php(61): CodeIgniter\Database\Database->initDriver()
 2 SYSTEMPATH/Database/Config.php(84): CodeIgniter\Database\Database->load()
 3 SYSTEMPATH/Common.php(363): CodeIgniter\Database\Config::connect()
 4 APPPATH/Controllers/Home.php(9): db_connect()
 5 SYSTEMPATH/CodeIgniter.php(933): App\Controllers\Home->index()
 6 SYSTEMPATH/CodeIgniter.php(507): CodeIgniter\CodeIgniter->runController()
 7 SYSTEMPATH/CodeIgniter.php(354): CodeIgniter\CodeIgniter->handleRequest()
 8 SYSTEMPATH/Boot.php(334): CodeIgniter\CodeIgniter->run()
 9 SYSTEMPATH/Boot.php(67): CodeIgniter\Boot::runCodeIgniter()
10 FCPATH/index.php(56): CodeIgniter\Boot::bootWeb()
CRITICAL - 2025-02-24 20:46:51 --> Error: Undefined constant "CodeIgniter\Database\MySQLi\MYSQLI_STORE_RESULT"
[Method: GET, Route: /]
in SYSTEMPATH/Database/Database.php on line 143.
 1 SYSTEMPATH/Database/Database.php(61): CodeIgniter\Database\Database->initDriver()
 2 SYSTEMPATH/Database/Config.php(84): CodeIgniter\Database\Database->load()
 3 SYSTEMPATH/Common.php(363): CodeIgniter\Database\Config::connect()
 4 APPPATH/Controllers/Home.php(9): db_connect()
 5 SYSTEMPATH/CodeIgniter.php(933): App\Controllers\Home->index()
 6 SYSTEMPATH/CodeIgniter.php(507): CodeIgniter\CodeIgniter->runController()
 7 SYSTEMPATH/CodeIgniter.php(354): CodeIgniter\CodeIgniter->handleRequest()
 8 SYSTEMPATH/Boot.php(334): CodeIgniter\CodeIgniter->run()
 9 SYSTEMPATH/Boot.php(67): CodeIgniter\Boot::runCodeIgniter()
10 FCPATH/index.php(56): CodeIgniter\Boot::bootWeb()
CRITICAL - 2025-02-24 20:49:05 --> Error: Undefined constant "CodeIgniter\Database\MySQLi\MYSQLI_STORE_RESULT"
[Method: GET, Route: /]
in SYSTEMPATH/Database/Database.php on line 143.
 1 SYSTEMPATH/Database/Database.php(61): CodeIgniter\Database\Database->initDriver()
 2 SYSTEMPATH/Database/Config.php(84): CodeIgniter\Database\Database->load()
 3 SYSTEMPATH/Common.php(363): CodeIgniter\Database\Config::connect()
 4 APPPATH/Controllers/Home.php(9): db_connect()
 5 SYSTEMPATH/CodeIgniter.php(933): App\Controllers\Home->index()
 6 SYSTEMPATH/CodeIgniter.php(507): CodeIgniter\CodeIgniter->runController()
 7 SYSTEMPATH/CodeIgniter.php(354): CodeIgniter\CodeIgniter->handleRequest()
 8 SYSTEMPATH/Boot.php(334): CodeIgniter\CodeIgniter->run()
 9 SYSTEMPATH/Boot.php(67): CodeIgniter\Boot::runCodeIgniter()
10 FCPATH/index.php(56): CodeIgniter\Boot::bootWeb()
CRITICAL - 2025-02-24 20:49:42 --> Error: Undefined constant "CodeIgniter\Database\MySQLi\MYSQLI_STORE_RESULT"
[Method: GET, Route: /]
in SYSTEMPATH/Database/Database.php on line 143.
 1 SYSTEMPATH/Database/Database.php(61): CodeIgniter\Database\Database->initDriver()
 2 SYSTEMPATH/Database/Config.php(84): CodeIgniter\Database\Database->load()
 3 SYSTEMPATH/Common.php(363): CodeIgniter\Database\Config::connect()
 4 APPPATH/Controllers/Home.php(9): db_connect()
 5 SYSTEMPATH/CodeIgniter.php(933): App\Controllers\Home->index()
 6 SYSTEMPATH/CodeIgniter.php(507): CodeIgniter\CodeIgniter->runController()
 7 SYSTEMPATH/CodeIgniter.php(354): CodeIgniter\CodeIgniter->handleRequest()
 8 SYSTEMPATH/Boot.php(334): CodeIgniter\CodeIgniter->run()
 9 SYSTEMPATH/Boot.php(67): CodeIgniter\Boot::runCodeIgniter()
10 FCPATH/index.php(56): CodeIgniter\Boot::bootWeb()
CRITICAL - 2025-02-24 20:49:55 --> Error: Undefined constant "CodeIgniter\Database\MySQLi\MYSQLI_STORE_RESULT"
[Method: GET, Route: /]
in SYSTEMPATH/Database/Database.php on line 143.
 1 SYSTEMPATH/Database/Database.php(61): CodeIgniter\Database\Database->initDriver()
 2 SYSTEMPATH/Database/Config.php(84): CodeIgniter\Database\Database->load()
 3 APPPATH/Controllers/Home.php(9): CodeIgniter\Database\Config::connect()
 4 SYSTEMPATH/CodeIgniter.php(933): App\Controllers\Home->index()
 5 SYSTEMPATH/CodeIgniter.php(507): CodeIgniter\CodeIgniter->runController()
 6 SYSTEMPATH/CodeIgniter.php(354): CodeIgniter\CodeIgniter->handleRequest()
 7 SYSTEMPATH/Boot.php(334): CodeIgniter\CodeIgniter->run()
 8 SYSTEMPATH/Boot.php(67): CodeIgniter\Boot::runCodeIgniter()
 9 FCPATH/index.php(56): CodeIgniter\Boot::bootWeb()
CRITICAL - 2025-02-24 20:49:56 --> Error: Undefined constant "CodeIgniter\Database\MySQLi\MYSQLI_STORE_RESULT"
[Method: GET, Route: /]
in SYSTEMPATH/Database/Database.php on line 143.
 1 SYSTEMPATH/Database/Database.php(61): CodeIgniter\Database\Database->initDriver()
 2 SYSTEMPATH/Database/Config.php(84): CodeIgniter\Database\Database->load()
 3 APPPATH/Controllers/Home.php(9): CodeIgniter\Database\Config::connect()
 4 SYSTEMPATH/CodeIgniter.php(933): App\Controllers\Home->index()
 5 SYSTEMPATH/CodeIgniter.php(507): CodeIgniter\CodeIgniter->runController()
 6 SYSTEMPATH/CodeIgniter.php(354): CodeIgniter\CodeIgniter->handleRequest()
 7 SYSTEMPATH/Boot.php(334): CodeIgniter\CodeIgniter->run()
 8 SYSTEMPATH/Boot.php(67): CodeIgniter\Boot::runCodeIgniter()
 9 FCPATH/index.php(56): CodeIgniter\Boot::bootWeb()
CRITICAL - 2025-02-24 20:49:56 --> Error: Undefined constant "CodeIgniter\Database\MySQLi\MYSQLI_STORE_RESULT"
[Method: GET, Route: /]
in SYSTEMPATH/Database/Database.php on line 143.
 1 SYSTEMPATH/Database/Database.php(61): CodeIgniter\Database\Database->initDriver()
 2 SYSTEMPATH/Database/Config.php(84): CodeIgniter\Database\Database->load()
 3 APPPATH/Controllers/Home.php(9): CodeIgniter\Database\Config::connect()
 4 SYSTEMPATH/CodeIgniter.php(933): App\Controllers\Home->index()
 5 SYSTEMPATH/CodeIgniter.php(507): CodeIgniter\CodeIgniter->runController()
 6 SYSTEMPATH/CodeIgniter.php(354): CodeIgniter\CodeIgniter->handleRequest()
 7 SYSTEMPATH/Boot.php(334): CodeIgniter\CodeIgniter->run()
 8 SYSTEMPATH/Boot.php(67): CodeIgniter\Boot::runCodeIgniter()
 9 FCPATH/index.php(56): CodeIgniter\Boot::bootWeb()
CRITICAL - 2025-02-24 20:49:56 --> Error: Undefined constant "CodeIgniter\Database\MySQLi\MYSQLI_STORE_RESULT"
[Method: GET, Route: /]
in SYSTEMPATH/Database/Database.php on line 143.
 1 SYSTEMPATH/Database/Database.php(61): CodeIgniter\Database\Database->initDriver()
 2 SYSTEMPATH/Database/Config.php(84): CodeIgniter\Database\Database->load()
 3 APPPATH/Controllers/Home.php(9): CodeIgniter\Database\Config::connect()
 4 SYSTEMPATH/CodeIgniter.php(933): App\Controllers\Home->index()
 5 SYSTEMPATH/CodeIgniter.php(507): CodeIgniter\CodeIgniter->runController()
 6 SYSTEMPATH/CodeIgniter.php(354): CodeIgniter\CodeIgniter->handleRequest()
 7 SYSTEMPATH/Boot.php(334): CodeIgniter\CodeIgniter->run()
 8 SYSTEMPATH/Boot.php(67): CodeIgniter\Boot::runCodeIgniter()
 9 FCPATH/index.php(56): CodeIgniter\Boot::bootWeb()
CRITICAL - 2025-02-24 20:49:57 --> Error: Undefined constant "CodeIgniter\Database\MySQLi\MYSQLI_STORE_RESULT"
[Method: GET, Route: /]
in SYSTEMPATH/Database/Database.php on line 143.
 1 SYSTEMPATH/Database/Database.php(61): CodeIgniter\Database\Database->initDriver()
 2 SYSTEMPATH/Database/Config.php(84): CodeIgniter\Database\Database->load()
 3 APPPATH/Controllers/Home.php(9): CodeIgniter\Database\Config::connect()
 4 SYSTEMPATH/CodeIgniter.php(933): App\Controllers\Home->index()
 5 SYSTEMPATH/CodeIgniter.php(507): CodeIgniter\CodeIgniter->runController()
 6 SYSTEMPATH/CodeIgniter.php(354): CodeIgniter\CodeIgniter->handleRequest()
 7 SYSTEMPATH/Boot.php(334): CodeIgniter\CodeIgniter->run()
 8 SYSTEMPATH/Boot.php(67): CodeIgniter\Boot::runCodeIgniter()
 9 FCPATH/index.php(56): CodeIgniter\Boot::bootWeb()
CRITICAL - 2025-02-24 20:49:57 --> Error: Undefined constant "CodeIgniter\Database\MySQLi\MYSQLI_STORE_RESULT"
[Method: GET, Route: /]
in SYSTEMPATH/Database/Database.php on line 143.
 1 SYSTEMPATH/Database/Database.php(61): CodeIgniter\Database\Database->initDriver()
 2 SYSTEMPATH/Database/Config.php(84): CodeIgniter\Database\Database->load()
 3 APPPATH/Controllers/Home.php(9): CodeIgniter\Database\Config::connect()
 4 SYSTEMPATH/CodeIgniter.php(933): App\Controllers\Home->index()
 5 SYSTEMPATH/CodeIgniter.php(507): CodeIgniter\CodeIgniter->runController()
 6 SYSTEMPATH/CodeIgniter.php(354): CodeIgniter\CodeIgniter->handleRequest()
 7 SYSTEMPATH/Boot.php(334): CodeIgniter\CodeIgniter->run()
 8 SYSTEMPATH/Boot.php(67): CodeIgniter\Boot::runCodeIgniter()
 9 FCPATH/index.php(56): CodeIgniter\Boot::bootWeb()
CRITICAL - 2025-02-24 20:54:53 --> Error: Undefined constant "CodeIgniter\Database\MySQLi\MYSQLI_STORE_RESULT"
[Method: GET, Route: /]
in SYSTEMPATH/Database/Database.php on line 143.
 1 SYSTEMPATH/Database/Database.php(61): CodeIgniter\Database\Database->initDriver()
 2 SYSTEMPATH/Database/Config.php(84): CodeIgniter\Database\Database->load()
 3 APPPATH/Controllers/Home.php(9): CodeIgniter\Database\Config::connect()
 4 SYSTEMPATH/CodeIgniter.php(933): App\Controllers\Home->index()
 5 SYSTEMPATH/CodeIgniter.php(507): CodeIgniter\CodeIgniter->runController()
 6 SYSTEMPATH/CodeIgniter.php(354): CodeIgniter\CodeIgniter->handleRequest()
 7 SYSTEMPATH/Boot.php(334): CodeIgniter\CodeIgniter->run()
 8 SYSTEMPATH/Boot.php(67): CodeIgniter\Boot::runCodeIgniter()
 9 FCPATH/index.php(56): CodeIgniter\Boot::bootWeb()
CRITICAL - 2025-02-24 20:57:57 --> Error: Undefined constant "CodeIgniter\Database\MySQLi\MYSQLI_STORE_RESULT"
[Method: GET, Route: /]
in SYSTEMPATH/Database/Database.php on line 143.
 1 SYSTEMPATH/Database/Database.php(61): CodeIgniter\Database\Database->initDriver()
 2 SYSTEMPATH/Database/Config.php(84): CodeIgniter\Database\Database->load()
 3 SYSTEMPATH/Common.php(363): CodeIgniter\Database\Config::connect()
 4 APPPATH/Controllers/Home.php(9): db_connect()
 5 SYSTEMPATH/CodeIgniter.php(933): App\Controllers\Home->index()
 6 SYSTEMPATH/CodeIgniter.php(507): CodeIgniter\CodeIgniter->runController()
 7 SYSTEMPATH/CodeIgniter.php(354): CodeIgniter\CodeIgniter->handleRequest()
 8 SYSTEMPATH/Boot.php(334): CodeIgniter\CodeIgniter->run()
 9 SYSTEMPATH/Boot.php(67): CodeIgniter\Boot::runCodeIgniter()
10 FCPATH/index.php(56): CodeIgniter\Boot::bootWeb()
